  SandBox.cpp
E:\myGitRepos\GameEngine\SandBox\src\SandBox.cpp(1,1): warning C4828: 文件包含在偏移 0xe2 处开始的字符，该字符在当前源字符集中无效(代码页 65001)。
E:\myGitRepos\GameEngine\SandBox\src\SandBox.cpp(1,1): warning C4828: 文件包含在偏移 0xe4 处开始的字符，该字符在当前源字符集中无效(代码页 65001)。
E:\myGitRepos\GameEngine\SandBox\src\SandBox.cpp(1,1): warning C4828: 文件包含在偏移 0xe6 处开始的字符，该字符在当前源字符集中无效(代码页 65001)。
E:\myGitRepos\GameEngine\SandBox\src\SandBox.cpp(1,1): warning C4828: 文件包含在偏移 0xe8 处开始的字符，该字符在当前源字符集中无效(代码页 65001)。
E:\myGitRepos\GameEngine\SandBox\src\SandBox.cpp(1,1): warning C4828: 文件包含在偏移 0xeb 处开始的字符，该字符在当前源字符集中无效(代码页 65001)。
E:\myGitRepos\GameEngine\GameEngine\src\Engine.h(1,1): warning C4828: 文件包含在偏移 0x2a 处开始的字符，该字符在当前源字符集中无效(代码页 65001)。
  (编译源文件“../../SandBox/src/SandBox.cpp”)
  
E:\myGitRepos\GameEngine\GameEngine\src\Engine.h(1,1): warning C4828: 文件包含在偏移 0x67 处开始的字符，该字符在当前源字符集中无效(代码页 65001)。
  (编译源文件“../../SandBox/src/SandBox.cpp”)
  
E:\myGitRepos\GameEngine\GameEngine\src\Engine\Event.h(1,1): warning C4828: 文件包含在偏移 0x198 处开始的字符，该字符在当前源字符集中无效(代码页 65001)。
  (编译源文件“../../SandBox/src/SandBox.cpp”)
  
E:\myGitRepos\GameEngine\GameEngine\src\Engine\Event.h(1,1): warning C4828: 文件包含在偏移 0x19a 处开始的字符，该字符在当前源字符集中无效(代码页 65001)。
  (编译源文件“../../SandBox/src/SandBox.cpp”)
  
E:\myGitRepos\GameEngine\GameEngine\src\Engine\Event.h(1,1): warning C4828: 文件包含在偏移 0x1ad 处开始的字符，该字符在当前源字符集中无效(代码页 65001)。
  (编译源文件“../../SandBox/src/SandBox.cpp”)
  
E:\myGitRepos\GameEngine\GameEngine\src\Engine\Event.h(1,1): warning C4828: 文件包含在偏移 0x1ae 处开始的字符，该字符在当前源字符集中无效(代码页 65001)。
  (编译源文件“../../SandBox/src/SandBox.cpp”)
  
E:\myGitRepos\GameEngine\GameEngine\src\Engine\Event.h(1,1): warning C4828: 文件包含在偏移 0x1b0 处开始的字符，该字符在当前源字符集中无效(代码页 65001)。
  (编译源文件“../../SandBox/src/SandBox.cpp”)
  
E:\myGitRepos\GameEngine\GameEngine\src\Engine\Event.h(1,1): warning C4828: 文件包含在偏移 0x1b2 处开始的字符，该字符在当前源字符集中无效(代码页 65001)。
  (编译源文件“../../SandBox/src/SandBox.cpp”)
  
E:\myGitRepos\GameEngine\GameEngine\src\Engine\Event.h(1,1): warning C4828: 文件包含在偏移 0x1b3 处开始的字符，该字符在当前源字符集中无效(代码页 65001)。
  (编译源文件“../../SandBox/src/SandBox.cpp”)
  
E:\myGitRepos\GameEngine\GameEngine\src\Engine\Event.h(1,1): warning C4828: 文件包含在偏移 0x1b5 处开始的字符，该字符在当前源字符集中无效(代码页 65001)。
  (编译源文件“../../SandBox/src/SandBox.cpp”)
  
E:\myGitRepos\GameEngine\GameEngine\src\Engine\Event.h(1,1): warning C4828: 文件包含在偏移 0x1b6 处开始的字符，该字符在当前源字符集中无效(代码页 65001)。
  (编译源文件“../../SandBox/src/SandBox.cpp”)
  
E:\myGitRepos\GameEngine\GameEngine\src\Engine\Event.h(1,1): warning C4828: 文件包含在偏移 0x1b8 处开始的字符，该字符在当前源字符集中无效(代码页 65001)。
  (编译源文件“../../SandBox/src/SandBox.cpp”)
  
E:\myGitRepos\GameEngine\GameEngine\src\Engine\Event.h(1,1): warning C4828: 文件包含在偏移 0x2ed 处开始的字符，该字符在当前源字符集中无效(代码页 65001)。
  (编译源文件“../../SandBox/src/SandBox.cpp”)
  
E:\myGitRepos\GameEngine\GameEngine\src\Engine\Event.h(1,1): warning C4828: 文件包含在偏移 0x2ef 处开始的字符，该字符在当前源字符集中无效(代码页 65001)。
  (编译源文件“../../SandBox/src/SandBox.cpp”)
  
E:\myGitRepos\GameEngine\GameEngine\src\Engine\Event.h(1,1): warning C4828: 文件包含在偏移 0x2f0 处开始的字符，该字符在当前源字符集中无效(代码页 65001)。
  (编译源文件“../../SandBox/src/SandBox.cpp”)
  
E:\myGitRepos\GameEngine\GameEngine\src\Engine\Event.h(1,1): warning C4828: 文件包含在偏移 0x2f4 处开始的字符，该字符在当前源字符集中无效(代码页 65001)。
  (编译源文件“../../SandBox/src/SandBox.cpp”)
  
E:\myGitRepos\GameEngine\GameEngine\src\Engine\Event.h(1,1): warning C4828: 文件包含在偏移 0x2f5 处开始的字符，该字符在当前源字符集中无效(代码页 65001)。
  (编译源文件“../../SandBox/src/SandBox.cpp”)
  
E:\myGitRepos\GameEngine\GameEngine\src\Engine\Event.h(1,1): warning C4828: 文件包含在偏移 0x2f6 处开始的字符，该字符在当前源字符集中无效(代码页 65001)。
  (编译源文件“../../SandBox/src/SandBox.cpp”)
  
E:\myGitRepos\GameEngine\GameEngine\src\Engine\Event.h(1,1): warning C4828: 文件包含在偏移 0x2f7 处开始的字符，该字符在当前源字符集中无效(代码页 65001)。
  (编译源文件“../../SandBox/src/SandBox.cpp”)
  
E:\myGitRepos\GameEngine\GameEngine\src\Engine\Event.h(1,1): warning C4828: 文件包含在偏移 0x2f8 处开始的字符，该字符在当前源字符集中无效(代码页 65001)。
  (编译源文件“../../SandBox/src/SandBox.cpp”)
  
E:\myGitRepos\GameEngine\GameEngine\src\Engine\Event.h(1,1): warning C4828: 文件包含在偏移 0x2fb 处开始的字符，该字符在当前源字符集中无效(代码页 65001)。
  (编译源文件“../../SandBox/src/SandBox.cpp”)
  
E:\myGitRepos\GameEngine\GameEngine\src\Engine\Event.h(1,1): warning C4828: 文件包含在偏移 0x2fd 处开始的字符，该字符在当前源字符集中无效(代码页 65001)。
  (编译源文件“../../SandBox/src/SandBox.cpp”)
  
E:\myGitRepos\GameEngine\GameEngine\src\Engine\Event.h(1,1): warning C4828: 文件包含在偏移 0x2fe 处开始的字符，该字符在当前源字符集中无效(代码页 65001)。
  (编译源文件“../../SandBox/src/SandBox.cpp”)
  
E:\myGitRepos\GameEngine\GameEngine\src\Engine\Event.h(1,1): warning C4828: 文件包含在偏移 0x555 处开始的字符，该字符在当前源字符集中无效(代码页 65001)。
  (编译源文件“../../SandBox/src/SandBox.cpp”)
  
E:\myGitRepos\GameEngine\GameEngine\src\Engine\Event.h(1,1): warning C4828: 文件包含在偏移 0x556 处开始的字符，该字符在当前源字符集中无效(代码页 65001)。
  (编译源文件“../../SandBox/src/SandBox.cpp”)
  
E:\myGitRepos\GameEngine\GameEngine\src\Engine\Event.h(1,1): warning C4828: 文件包含在偏移 0x55b 处开始的字符，该字符在当前源字符集中无效(代码页 65001)。
  (编译源文件“../../SandBox/src/SandBox.cpp”)
  
E:\myGitRepos\GameEngine\GameEngine\src\Engine\Event.h(1,1): warning C4828: 文件包含在偏移 0x55d 处开始的字符，该字符在当前源字符集中无效(代码页 65001)。
  (编译源文件“../../SandBox/src/SandBox.cpp”)
  
E:\myGitRepos\GameEngine\GameEngine\src\Engine\Event.h(1,1): warning C4828: 文件包含在偏移 0x55e 处开始的字符，该字符在当前源字符集中无效(代码页 65001)。
  (编译源文件“../../SandBox/src/SandBox.cpp”)
  
E:\myGitRepos\GameEngine\GameEngine\src\Engine\Event.h(1,1): warning C4828: 文件包含在偏移 0x561 处开始的字符，该字符在当前源字符集中无效(代码页 65001)。
  (编译源文件“../../SandBox/src/SandBox.cpp”)
  
E:\myGitRepos\GameEngine\GameEngine\src\Engine\Event.h(1,1): warning C4828: 文件包含在偏移 0x562 处开始的字符，该字符在当前源字符集中无效(代码页 65001)。
  (编译源文件“../../SandBox/src/SandBox.cpp”)
  
E:\myGitRepos\GameEngine\GameEngine\src\Engine\Event.h(1,1): warning C4828: 文件包含在偏移 0x563 处开始的字符，该字符在当前源字符集中无效(代码页 65001)。
  (编译源文件“../../SandBox/src/SandBox.cpp”)
  
E:\myGitRepos\GameEngine\GameEngine\src\Engine\Event.h(1,1): warning C4828: 文件包含在偏移 0x565 处开始的字符，该字符在当前源字符集中无效(代码页 65001)。
  (编译源文件“../../SandBox/src/SandBox.cpp”)
  
E:\myGitRepos\GameEngine\GameEngine\src\Engine\Event.h(1,1): warning C4828: 文件包含在偏移 0x566 处开始的字符，该字符在当前源字符集中无效(代码页 65001)。
  (编译源文件“../../SandBox/src/SandBox.cpp”)
  
E:\myGitRepos\GameEngine\GameEngine\src\Engine\Event.h(1,1): warning C4828: 文件包含在偏移 0x567 处开始的字符，该字符在当前源字符集中无效(代码页 65001)。
  (编译源文件“../../SandBox/src/SandBox.cpp”)
  
E:\myGitRepos\GameEngine\GameEngine\src\Engine\Event.h(1,1): warning C4828: 文件包含在偏移 0x568 处开始的字符，该字符在当前源字符集中无效(代码页 65001)。
  (编译源文件“../../SandBox/src/SandBox.cpp”)
  
E:\myGitRepos\GameEngine\GameEngine\src\Engine\Event.h(1,1): warning C4828: 文件包含在偏移 0x569 处开始的字符，该字符在当前源字符集中无效(代码页 65001)。
  (编译源文件“../../SandBox/src/SandBox.cpp”)
  
E:\myGitRepos\GameEngine\GameEngine\src\Engine\Event.h(1,1): warning C4828: 文件包含在偏移 0x56a 处开始的字符，该字符在当前源字符集中无效(代码页 65001)。
  (编译源文件“../../SandBox/src/SandBox.cpp”)
  
E:\myGitRepos\GameEngine\GameEngine\src\Engine\Event.h(1,1): warning C4828: 文件包含在偏移 0x56b 处开始的字符，该字符在当前源字符集中无效(代码页 65001)。
  (编译源文件“../../SandBox/src/SandBox.cpp”)
  
E:\myGitRepos\GameEngine\GameEngine\src\Engine\Event.h(1,1): warning C4828: 文件包含在偏移 0x56c 处开始的字符，该字符在当前源字符集中无效(代码页 65001)。
  (编译源文件“../../SandBox/src/SandBox.cpp”)
  
E:\myGitRepos\GameEngine\GameEngine\src\Engine\Event.h(1,1): warning C4828: 文件包含在偏移 0x56d 处开始的字符，该字符在当前源字符集中无效(代码页 65001)。
  (编译源文件“../../SandBox/src/SandBox.cpp”)
  
E:\myGitRepos\GameEngine\GameEngine\src\Engine\Event.h(1,1): warning C4828: 文件包含在偏移 0x56f 处开始的字符，该字符在当前源字符集中无效(代码页 65001)。
  (编译源文件“../../SandBox/src/SandBox.cpp”)
  
E:\myGitRepos\GameEngine\GameEngine\src\Engine\Event.h(1,1): warning C4828: 文件包含在偏移 0x570 处开始的字符，该字符在当前源字符集中无效(代码页 65001)。
  (编译源文件“../../SandBox/src/SandBox.cpp”)
  
E:\myGitRepos\GameEngine\GameEngine\src\Engine\Event.h(1,1): warning C4828: 文件包含在偏移 0x573 处开始的字符，该字符在当前源字符集中无效(代码页 65001)。
  (编译源文件“../../SandBox/src/SandBox.cpp”)
  
E:\myGitRepos\GameEngine\GameEngine\src\Engine\Event.h(1,1): warning C4828: 文件包含在偏移 0x575 处开始的字符，该字符在当前源字符集中无效(代码页 65001)。
  (编译源文件“../../SandBox/src/SandBox.cpp”)
  
E:\myGitRepos\GameEngine\GameEngine\src\Engine\Event.h(1,1): warning C4828: 文件包含在偏移 0x576 处开始的字符，该字符在当前源字符集中无效(代码页 65001)。
  (编译源文件“../../SandBox/src/SandBox.cpp”)
  
E:\myGitRepos\GameEngine\GameEngine\src\Engine\Event.h(1,1): warning C4828: 文件包含在偏移 0x57a 处开始的字符，该字符在当前源字符集中无效(代码页 65001)。
  (编译源文件“../../SandBox/src/SandBox.cpp”)
  
E:\myGitRepos\GameEngine\GameEngine\src\Engine\Event.h(1,1): warning C4828: 文件包含在偏移 0x57b 处开始的字符，该字符在当前源字符集中无效(代码页 65001)。
  (编译源文件“../../SandBox/src/SandBox.cpp”)
  
E:\myGitRepos\GameEngine\GameEngine\src\Engine\Event.h(1,1): warning C4828: 文件包含在偏移 0x57f 处开始的字符，该字符在当前源字符集中无效(代码页 65001)。
  (编译源文件“../../SandBox/src/SandBox.cpp”)
  
E:\myGitRepos\GameEngine\GameEngine\src\Engine\Event.h(1,1): warning C4828: 文件包含在偏移 0x581 处开始的字符，该字符在当前源字符集中无效(代码页 65001)。
  (编译源文件“../../SandBox/src/SandBox.cpp”)
  
E:\myGitRepos\GameEngine\GameEngine\src\Engine\Event.h(1,1): warning C4828: 文件包含在偏移 0x7e9 处开始的字符，该字符在当前源字符集中无效(代码页 65001)。
  (编译源文件“../../SandBox/src/SandBox.cpp”)
  
E:\myGitRepos\GameEngine\GameEngine\src\Engine\Event.h(1,1): warning C4828: 文件包含在偏移 0x7ea 处开始的字符，该字符在当前源字符集中无效(代码页 65001)。
  (编译源文件“../../SandBox/src/SandBox.cpp”)
  
E:\myGitRepos\GameEngine\GameEngine\src\Engine\Event.h(1,1): warning C4828: 文件包含在偏移 0x7ef 处开始的字符，该字符在当前源字符集中无效(代码页 65001)。
  (编译源文件“../../SandBox/src/SandBox.cpp”)
  
E:\myGitRepos\GameEngine\GameEngine\src\Engine\Event.h(1,1): warning C4828: 文件包含在偏移 0x7f1 处开始的字符，该字符在当前源字符集中无效(代码页 65001)。
  (编译源文件“../../SandBox/src/SandBox.cpp”)
  
E:\myGitRepos\GameEngine\GameEngine\src\Engine\Event.h(1,1): warning C4828: 文件包含在偏移 0x7f7 处开始的字符，该字符在当前源字符集中无效(代码页 65001)。
  (编译源文件“../../SandBox/src/SandBox.cpp”)
  
E:\myGitRepos\GameEngine\GameEngine\src\Engine\Event.h(1,1): warning C4828: 文件包含在偏移 0x7f8 处开始的字符，该字符在当前源字符集中无效(代码页 65001)。
  (编译源文件“../../SandBox/src/SandBox.cpp”)
  
E:\myGitRepos\GameEngine\GameEngine\src\Engine\Event.h(1,1): warning C4828: 文件包含在偏移 0x7f9 处开始的字符，该字符在当前源字符集中无效(代码页 65001)。
  (编译源文件“../../SandBox/src/SandBox.cpp”)
  
E:\myGitRepos\GameEngine\GameEngine\src\Engine\Event.h(1,1): warning C4828: 文件包含在偏移 0x7fb 处开始的字符，该字符在当前源字符集中无效(代码页 65001)。
  (编译源文件“../../SandBox/src/SandBox.cpp”)
  
E:\myGitRepos\GameEngine\GameEngine\src\Engine\Event.h(1,1): warning C4828: 文件包含在偏移 0x7fd 处开始的字符，该字符在当前源字符集中无效(代码页 65001)。
  (编译源文件“../../SandBox/src/SandBox.cpp”)
  
E:\myGitRepos\GameEngine\GameEngine\src\Engine\Event.h(1,1): warning C4828: 文件包含在偏移 0x7fe 处开始的字符，该字符在当前源字符集中无效(代码页 65001)。
  (编译源文件“../../SandBox/src/SandBox.cpp”)
  
E:\myGitRepos\GameEngine\GameEngine\src\Engine\Event.h(1,1): warning C4828: 文件包含在偏移 0xa49 处开始的字符，该字符在当前源字符集中无效(代码页 65001)。
  (编译源文件“../../SandBox/src/SandBox.cpp”)
  
E:\myGitRepos\GameEngine\GameEngine\src\Engine\Event.h(1,1): warning C4828: 文件包含在偏移 0xa4a 处开始的字符，该字符在当前源字符集中无效(代码页 65001)。
  (编译源文件“../../SandBox/src/SandBox.cpp”)
  
E:\myGitRepos\GameEngine\GameEngine\src\Engine\Event.h(1,1): warning C4828: 文件包含在偏移 0xa4f 处开始的字符，该字符在当前源字符集中无效(代码页 65001)。
  (编译源文件“../../SandBox/src/SandBox.cpp”)
  
E:\myGitRepos\GameEngine\GameEngine\src\Engine\Event.h(1,1): warning C4828: 文件包含在偏移 0xa51 处开始的字符，该字符在当前源字符集中无效(代码页 65001)。
  (编译源文件“../../SandBox/src/SandBox.cpp”)
  
E:\myGitRepos\GameEngine\GameEngine\src\Engine\Event.h(1,1): warning C4828: 文件包含在偏移 0xa57 处开始的字符，该字符在当前源字符集中无效(代码页 65001)。
  (编译源文件“../../SandBox/src/SandBox.cpp”)
  
E:\myGitRepos\GameEngine\GameEngine\src\Engine\Event.h(1,1): warning C4828: 文件包含在偏移 0xa59 处开始的字符，该字符在当前源字符集中无效(代码页 65001)。
  (编译源文件“../../SandBox/src/SandBox.cpp”)
  
E:\myGitRepos\GameEngine\GameEngine\src\Engine\Event.h(1,1): warning C4828: 文件包含在偏移 0xa5a 处开始的字符，该字符在当前源字符集中无效(代码页 65001)。
  (编译源文件“../../SandBox/src/SandBox.cpp”)
  
E:\myGitRepos\GameEngine\GameEngine\src\Engine\Event.h(1,1): warning C4828: 文件包含在偏移 0xa5e 处开始的字符，该字符在当前源字符集中无效(代码页 65001)。
  (编译源文件“../../SandBox/src/SandBox.cpp”)
  
E:\myGitRepos\GameEngine\GameEngine\src\Engine\Event.h(1,1): warning C4828: 文件包含在偏移 0x1186 处开始的字符，该字符在当前源字符集中无效(代码页 65001)。
  (编译源文件“../../SandBox/src/SandBox.cpp”)
  
E:\myGitRepos\GameEngine\GameEngine\src\Engine\Event.h(1,1): warning C4828: 文件包含在偏移 0x1187 处开始的字符，该字符在当前源字符集中无效(代码页 65001)。
  (编译源文件“../../SandBox/src/SandBox.cpp”)
  
E:\myGitRepos\GameEngine\GameEngine\src\Engine\Event.h(1,1): warning C4828: 文件包含在偏移 0x1188 处开始的字符，该字符在当前源字符集中无效(代码页 65001)。
  (编译源文件“../../SandBox/src/SandBox.cpp”)
  
E:\myGitRepos\GameEngine\GameEngine\src\Engine\Event.h(1,1): warning C4828: 文件包含在偏移 0x118a 处开始的字符，该字符在当前源字符集中无效(代码页 65001)。
  (编译源文件“../../SandBox/src/SandBox.cpp”)
  
E:\myGitRepos\GameEngine\GameEngine\src\Engine\Event.h(1,1): warning C4828: 文件包含在偏移 0x118b 处开始的字符，该字符在当前源字符集中无效(代码页 65001)。
  (编译源文件“../../SandBox/src/SandBox.cpp”)
  
E:\myGitRepos\GameEngine\GameEngine\src\Engine\Event.h(1,1): warning C4828: 文件包含在偏移 0x118f 处开始的字符，该字符在当前源字符集中无效(代码页 65001)。
  (编译源文件“../../SandBox/src/SandBox.cpp”)
  
E:\myGitRepos\GameEngine\GameEngine\src\Engine\Event.h(1,1): warning C4828: 文件包含在偏移 0x1190 处开始的字符，该字符在当前源字符集中无效(代码页 65001)。
  (编译源文件“../../SandBox/src/SandBox.cpp”)
  
E:\myGitRepos\GameEngine\GameEngine\src\Engine\Event.h(1,1): warning C4828: 文件包含在偏移 0x1192 处开始的字符，该字符在当前源字符集中无效(代码页 65001)。
  (编译源文件“../../SandBox/src/SandBox.cpp”)
  
E:\myGitRepos\GameEngine\GameEngine\src\Engine\Event.h(1,1): warning C4828: 文件包含在偏移 0x1193 处开始的字符，该字符在当前源字符集中无效(代码页 65001)。
  (编译源文件“../../SandBox/src/SandBox.cpp”)
  
E:\myGitRepos\GameEngine\GameEngine\src\Engine\Event.h(1,1): warning C4828: 文件包含在偏移 0x1196 处开始的字符，该字符在当前源字符集中无效(代码页 65001)。
  (编译源文件“../../SandBox/src/SandBox.cpp”)
  
E:\myGitRepos\GameEngine\GameEngine\src\Engine\Event.h(1,1): warning C4828: 文件包含在偏移 0x1197 处开始的字符，该字符在当前源字符集中无效(代码页 65001)。
  (编译源文件“../../SandBox/src/SandBox.cpp”)
  
E:\myGitRepos\GameEngine\GameEngine\src\Engine\Event.h(1,1): warning C4828: 文件包含在偏移 0x119b 处开始的字符，该字符在当前源字符集中无效(代码页 65001)。
  (编译源文件“../../SandBox/src/SandBox.cpp”)
  
E:\myGitRepos\GameEngine\GameEngine\src\Engine\Event.h(1,1): warning C4828: 文件包含在偏移 0x119c 处开始的字符，该字符在当前源字符集中无效(代码页 65001)。
  (编译源文件“../../SandBox/src/SandBox.cpp”)
  
E:\myGitRepos\GameEngine\GameEngine\src\Engine\Event.h(1,1): warning C4828: 文件包含在偏移 0x119d 处开始的字符，该字符在当前源字符集中无效(代码页 65001)。
  (编译源文件“../../SandBox/src/SandBox.cpp”)
  
E:\myGitRepos\GameEngine\GameEngine\src\Engine\Event.h(1,1): warning C4828: 文件包含在偏移 0x119e 处开始的字符，该字符在当前源字符集中无效(代码页 65001)。
  (编译源文件“../../SandBox/src/SandBox.cpp”)
  
E:\myGitRepos\GameEngine\GameEngine\src\Engine\Event.h(1,1): warning C4828: 文件包含在偏移 0x11a2 处开始的字符，该字符在当前源字符集中无效(代码页 65001)。
  (编译源文件“../../SandBox/src/SandBox.cpp”)
  
E:\myGitRepos\GameEngine\GameEngine\src\Engine\Event.h(1,1): warning C4828: 文件包含在偏移 0x122d 处开始的字符，该字符在当前源字符集中无效(代码页 65001)。
  (编译源文件“../../SandBox/src/SandBox.cpp”)
  
E:\myGitRepos\GameEngine\GameEngine\src\Engine\Event.h(1,1): warning C4828: 文件包含在偏移 0x122e 处开始的字符，该字符在当前源字符集中无效(代码页 65001)。
  (编译源文件“../../SandBox/src/SandBox.cpp”)
  
E:\myGitRepos\GameEngine\GameEngine\src\Engine\Event.h(1,1): warning C4828: 文件包含在偏移 0x1231 处开始的字符，该字符在当前源字符集中无效(代码页 65001)。
  (编译源文件“../../SandBox/src/SandBox.cpp”)
  
E:\myGitRepos\GameEngine\GameEngine\src\Engine\Event.h(1,1): warning C4828: 文件包含在偏移 0x1232 处开始的字符，该字符在当前源字符集中无效(代码页 65001)。
  (编译源文件“../../SandBox/src/SandBox.cpp”)
  
E:\myGitRepos\GameEngine\GameEngine\src\Engine\Event.h(1,1): warning C4828: 文件包含在偏移 0x1233 处开始的字符，该字符在当前源字符集中无效(代码页 65001)。
  (编译源文件“../../SandBox/src/SandBox.cpp”)
  
E:\myGitRepos\GameEngine\GameEngine\src\Engine\Event.h(1,1): warning C4828: 文件包含在偏移 0x1235 处开始的字符，该字符在当前源字符集中无效(代码页 65001)。
  (编译源文件“../../SandBox/src/SandBox.cpp”)
  
E:\myGitRepos\GameEngine\GameEngine\src\Engine\Event.h(1,1): warning C4828: 文件包含在偏移 0x1236 处开始的字符，该字符在当前源字符集中无效(代码页 65001)。
  (编译源文件“../../SandBox/src/SandBox.cpp”)
  
E:\myGitRepos\GameEngine\GameEngine\src\Engine\Event.h(1,1): warning C4828: 文件包含在偏移 0x1238 处开始的字符，该字符在当前源字符集中无效(代码页 65001)。
  (编译源文件“../../SandBox/src/SandBox.cpp”)
  
E:\myGitRepos\GameEngine\GameEngine\src\Engine\Event.h(1,1): warning C4828: 文件包含在偏移 0x123b 处开始的字符，该字符在当前源字符集中无效(代码页 65001)。
  (编译源文件“../../SandBox/src/SandBox.cpp”)
  
E:\myGitRepos\GameEngine\GameEngine\src\Engine\Event.h(1,1): warning C4828: 文件包含在偏移 0x123d 处开始的字符，该字符在当前源字符集中无效(代码页 65001)。
  (编译源文件“../../SandBox/src/SandBox.cpp”)
  
E:\myGitRepos\GameEngine\GameEngine\src\Engine\Event.h(1,1): warning C4828: 文件包含在偏移 0x123e 处开始的字符，该字符在当前源字符集中无效(代码页 65001)。
  (编译源文件“../../SandBox/src/SandBox.cpp”)
  
E:\myGitRepos\GameEngine\GameEngine\src\Engine\Event.h(1,1): warning C4828: 文件包含在偏移 0x1245 处开始的字符，该字符在当前源字符集中无效(代码页 65001)。
  (编译源文件“../../SandBox/src/SandBox.cpp”)
  
E:\myGitRepos\GameEngine\GameEngine\src\Engine\Event.h(1,1): warning C4828: 文件包含在偏移 0x1246 处开始的字符，该字符在当前源字符集中无效(代码页 65001)。
  (编译源文件“../../SandBox/src/SandBox.cpp”)
  
E:\myGitRepos\GameEngine\GameEngine\src\Engine\Event.h(1,1): warning C4828: 文件包含在偏移 0x1247 处开始的字符，该字符在当前源字符集中无效(代码页 65001)。
  (编译源文件“../../SandBox/src/SandBox.cpp”)
  
E:\myGitRepos\GameEngine\GameEngine\src\Engine\Event.h(1,1): warning C4828: 文件包含在偏移 0x1248 处开始的字符，该字符在当前源字符集中无效(代码页 65001)。
  (编译源文件“../../SandBox/src/SandBox.cpp”)
  
E:\myGitRepos\GameEngine\GameEngine\src\Engine\Event.h(1,1): warning C4828: 文件包含在偏移 0x1249 处开始的字符，该字符在当前源字符集中无效(代码页 65001)。
  (编译源文件“../../SandBox/src/SandBox.cpp”)
  
E:\myGitRepos\GameEngine\GameEngine\src\Engine\Event.h(1,1): warning C4828: 文件包含在偏移 0x124b 处开始的字符，该字符在当前源字符集中无效(代码页 65001)。
  (编译源文件“../../SandBox/src/SandBox.cpp”)
  
E:\myGitRepos\GameEngine\GameEngine\src\Engine\Event.h(1,1): warning C4828: 文件包含在偏移 0x124c 处开始的字符，该字符在当前源字符集中无效(代码页 65001)。
  (编译源文件“../../SandBox/src/SandBox.cpp”)
  
E:\myGitRepos\GameEngine\GameEngine\src\Engine\Event.h(1,1): warning C4828: 文件包含在偏移 0x124d 处开始的字符，该字符在当前源字符集中无效(代码页 65001)。
  (编译源文件“../../SandBox/src/SandBox.cpp”)
  
E:\myGitRepos\GameEngine\GameEngine\src\Engine\Event.h(1,1): warning C4828: 文件包含在偏移 0x1251 处开始的字符，该字符在当前源字符集中无效(代码页 65001)。
  (编译源文件“../../SandBox/src/SandBox.cpp”)
  
E:\myGitRepos\GameEngine\GameEngine\src\Engine\Event.h(1,1): warning C4828: 文件包含在偏移 0x1253 处开始的字符，该字符在当前源字符集中无效(代码页 65001)。
  (编译源文件“../../SandBox/src/SandBox.cpp”)
  
E:\myGitRepos\GameEngine\GameEngine\src\Engine\Event.h(1,1): warning C4828: 文件包含在偏移 0x1254 处开始的字符，该字符在当前源字符集中无效(代码页 65001)。
  (编译源文件“../../SandBox/src/SandBox.cpp”)
  
E:\myGitRepos\GameEngine\GameEngine\src\Engine\Event.h(1,1): warning C4828: 文件包含在偏移 0x1259 处开始的字符，该字符在当前源字符集中无效(代码页 65001)。
  (编译源文件“../../SandBox/src/SandBox.cpp”)
  
E:\myGitRepos\GameEngine\GameEngine\src\Engine\Event.h(1,1): warning C4828: 文件包含在偏移 0x125a 处开始的字符，该字符在当前源字符集中无效(代码页 65001)。
  (编译源文件“../../SandBox/src/SandBox.cpp”)
  
E:\myGitRepos\GameEngine\GameEngine\src\Engine\Event.h(1,1): warning C4828: 文件包含在偏移 0x129c 处开始的字符，该字符在当前源字符集中无效(代码页 65001)。
  (编译源文件“../../SandBox/src/SandBox.cpp”)
  
E:\myGitRepos\GameEngine\GameEngine\src\Engine\Event.h(1,1): warning C4828: 文件包含在偏移 0x129e 处开始的字符，该字符在当前源字符集中无效(代码页 65001)。
  (编译源文件“../../SandBox/src/SandBox.cpp”)
  
E:\myGitRepos\GameEngine\GameEngine\src\Engine\Event.h(1,1): warning C4828: 文件包含在偏移 0x129f 处开始的字符，该字符在当前源字符集中无效(代码页 65001)。
  (编译源文件“../../SandBox/src/SandBox.cpp”)
  
E:\myGitRepos\GameEngine\GameEngine\src\Engine\Event.h(1,1): warning C4828: 文件包含在偏移 0x12a0 处开始的字符，该字符在当前源字符集中无效(代码页 65001)。
  (编译源文件“../../SandBox/src/SandBox.cpp”)
  
E:\myGitRepos\GameEngine\GameEngine\src\Engine\Event.h(1,1): warning C4828: 文件包含在偏移 0x12a1 处开始的字符，该字符在当前源字符集中无效(代码页 65001)。
  (编译源文件“../../SandBox/src/SandBox.cpp”)
  
E:\myGitRepos\GameEngine\GameEngine\src\Engine\Event.h(1,1): warning C4828: 文件包含在偏移 0x12a6 处开始的字符，该字符在当前源字符集中无效(代码页 65001)。
  (编译源文件“../../SandBox/src/SandBox.cpp”)
  
E:\myGitRepos\GameEngine\GameEngine\src\Engine\Event.h(1,1): warning C4828: 文件包含在偏移 0x12a8 处开始的字符，该字符在当前源字符集中无效(代码页 65001)。
  (编译源文件“../../SandBox/src/SandBox.cpp”)
  
E:\myGitRepos\GameEngine\GameEngine\src\Engine\Event.h(1,1): warning C4828: 文件包含在偏移 0x12a9 处开始的字符，该字符在当前源字符集中无效(代码页 65001)。
  (编译源文件“../../SandBox/src/SandBox.cpp”)
  
E:\myGitRepos\GameEngine\GameEngine\src\Engine\Event.h(1,1): warning C4828: 文件包含在偏移 0x12aa 处开始的字符，该字符在当前源字符集中无效(代码页 65001)。
  (编译源文件“../../SandBox/src/SandBox.cpp”)
  
E:\myGitRepos\GameEngine\GameEngine\src\Engine\Event.h(1,1): warning C4828: 文件包含在偏移 0x12ac 处开始的字符，该字符在当前源字符集中无效(代码页 65001)。
  (编译源文件“../../SandBox/src/SandBox.cpp”)
  
E:\myGitRepos\GameEngine\GameEngine\src\Engine\Event.h(1,1): warning C4828: 文件包含在偏移 0x12ad 处开始的字符，该字符在当前源字符集中无效(代码页 65001)。
  (编译源文件“../../SandBox/src/SandBox.cpp”)
  
E:\myGitRepos\GameEngine\GameEngine\src\Engine\Event.h(1,1): warning C4828: 文件包含在偏移 0x12b1 处开始的字符，该字符在当前源字符集中无效(代码页 65001)。
  (编译源文件“../../SandBox/src/SandBox.cpp”)
  
E:\myGitRepos\GameEngine\GameEngine\src\Engine\Event.h(1,1): warning C4828: 文件包含在偏移 0x12b2 处开始的字符，该字符在当前源字符集中无效(代码页 65001)。
  (编译源文件“../../SandBox/src/SandBox.cpp”)
  
E:\myGitRepos\GameEngine\GameEngine\src\Engine\Event.h(1,1): warning C4828: 文件包含在偏移 0x12b4 处开始的字符，该字符在当前源字符集中无效(代码页 65001)。
  (编译源文件“../../SandBox/src/SandBox.cpp”)
  
E:\myGitRepos\GameEngine\GameEngine\src\Engine\Event.h(1,1): warning C4828: 文件包含在偏移 0x12b7 处开始的字符，该字符在当前源字符集中无效(代码页 65001)。
  (编译源文件“../../SandBox/src/SandBox.cpp”)
  
E:\myGitRepos\GameEngine\GameEngine\src\Engine\Event.h(1,1): warning C4828: 文件包含在偏移 0x12b8 处开始的字符，该字符在当前源字符集中无效(代码页 65001)。
  (编译源文件“../../SandBox/src/SandBox.cpp”)
  
E:\myGitRepos\GameEngine\GameEngine\src\Engine\Event.h(1,1): warning C4828: 文件包含在偏移 0x1339 处开始的字符，该字符在当前源字符集中无效(代码页 65001)。
  (编译源文件“../../SandBox/src/SandBox.cpp”)
  
E:\myGitRepos\GameEngine\GameEngine\src\Engine\Event.h(1,1): warning C4828: 文件包含在偏移 0x133a 处开始的字符，该字符在当前源字符集中无效(代码页 65001)。
  (编译源文件“../../SandBox/src/SandBox.cpp”)
  
E:\myGitRepos\GameEngine\GameEngine\src\Engine\Event.h(1,1): warning C4828: 文件包含在偏移 0x133b 处开始的字符，该字符在当前源字符集中无效(代码页 65001)。
  (编译源文件“../../SandBox/src/SandBox.cpp”)
  
E:\myGitRepos\GameEngine\GameEngine\src\Engine\Event.h(1,1): warning C4828: 文件包含在偏移 0x133c 处开始的字符，该字符在当前源字符集中无效(代码页 65001)。
  (编译源文件“../../SandBox/src/SandBox.cpp”)
  
E:\myGitRepos\GameEngine\GameEngine\src\Engine\Event.h(1,1): warning C4828: 文件包含在偏移 0x1340 处开始的字符，该字符在当前源字符集中无效(代码页 65001)。
  (编译源文件“../../SandBox/src/SandBox.cpp”)
  
E:\myGitRepos\GameEngine\GameEngine\src\Engine\Event.h(1,1): warning C4828: 文件包含在偏移 0x1341 处开始的字符，该字符在当前源字符集中无效(代码页 65001)。
  (编译源文件“../../SandBox/src/SandBox.cpp”)
  
E:\myGitRepos\GameEngine\GameEngine\src\Engine\Event.h(1,1): warning C4828: 文件包含在偏移 0x1343 处开始的字符，该字符在当前源字符集中无效(代码页 65001)。
  (编译源文件“../../SandBox/src/SandBox.cpp”)
  
E:\myGitRepos\GameEngine\GameEngine\src\Engine\Event.h(1,1): warning C4828: 文件包含在偏移 0x1348 处开始的字符，该字符在当前源字符集中无效(代码页 65001)。
  (编译源文件“../../SandBox/src/SandBox.cpp”)
  
E:\myGitRepos\GameEngine\GameEngine\src\Engine\Event.h(1,1): warning C4828: 文件包含在偏移 0x1349 处开始的字符，该字符在当前源字符集中无效(代码页 65001)。
  (编译源文件“../../SandBox/src/SandBox.cpp”)
  
E:\myGitRepos\GameEngine\GameEngine\src\Engine\Event.h(1,1): warning C4828: 文件包含在偏移 0x134a 处开始的字符，该字符在当前源字符集中无效(代码页 65001)。
  (编译源文件“../../SandBox/src/SandBox.cpp”)
  
E:\myGitRepos\GameEngine\GameEngine\src\Engine\Imgui\ImGuiLayer.h(1,1): warning C4828: 文件包含在偏移 0x20c 处开始的字符，该字符在当前源字符集中无效(代码页 65001)。
  (编译源文件“../../SandBox/src/SandBox.cpp”)
  
E:\myGitRepos\GameEngine\GameEngine\src\Engine\Imgui\ImGuiLayer.h(1,1): warning C4828: 文件包含在偏移 0x20e 处开始的字符，该字符在当前源字符集中无效(代码页 65001)。
  (编译源文件“../../SandBox/src/SandBox.cpp”)
  
E:\myGitRepos\GameEngine\GameEngine\src\Engine\Imgui\ImGuiLayer.h(1,1): warning C4828: 文件包含在偏移 0x20f 处开始的字符，该字符在当前源字符集中无效(代码页 65001)。
  (编译源文件“../../SandBox/src/SandBox.cpp”)
  
E:\myGitRepos\GameEngine\GameEngine\src\Engine\Imgui\ImGuiLayer.h(1,1): warning C4828: 文件包含在偏移 0x212 处开始的字符，该字符在当前源字符集中无效(代码页 65001)。
  (编译源文件“../../SandBox/src/SandBox.cpp”)
  
E:\myGitRepos\GameEngine\GameEngine\src\Engine\Imgui\ImGuiLayer.h(1,1): warning C4828: 文件包含在偏移 0x213 处开始的字符，该字符在当前源字符集中无效(代码页 65001)。
  (编译源文件“../../SandBox/src/SandBox.cpp”)
  
E:\myGitRepos\GameEngine\GameEngine\src\Engine\Imgui\ImGuiLayer.h(1,1): warning C4828: 文件包含在偏移 0x214 处开始的字符，该字符在当前源字符集中无效(代码页 65001)。
  (编译源文件“../../SandBox/src/SandBox.cpp”)
  
E:\myGitRepos\GameEngine\GameEngine\src\Engine\Imgui\ImGuiLayer.h(1,1): warning C4828: 文件包含在偏移 0x215 处开始的字符，该字符在当前源字符集中无效(代码页 65001)。
  (编译源文件“../../SandBox/src/SandBox.cpp”)
  
E:\myGitRepos\GameEngine\GameEngine\src\Engine\Imgui\ImGuiLayer.h(1,1): warning C4828: 文件包含在偏移 0x216 处开始的字符，该字符在当前源字符集中无效(代码页 65001)。
  (编译源文件“../../SandBox/src/SandBox.cpp”)
  
E:\myGitRepos\GameEngine\GameEngine\src\Engine\Imgui\ImGuiLayer.h(1,1): warning C4828: 文件包含在偏移 0x217 处开始的字符，该字符在当前源字符集中无效(代码页 65001)。
  (编译源文件“../../SandBox/src/SandBox.cpp”)
  
E:\myGitRepos\GameEngine\GameEngine\src\Engine\Imgui\ImGuiLayer.h(1,1): warning C4828: 文件包含在偏移 0x2c1 处开始的字符，该字符在当前源字符集中无效(代码页 65001)。
  (编译源文件“../../SandBox/src/SandBox.cpp”)
  
E:\myGitRepos\GameEngine\GameEngine\src\Engine\Imgui\ImGuiLayer.h(1,1): warning C4828: 文件包含在偏移 0x2c2 处开始的字符，该字符在当前源字符集中无效(代码页 65001)。
  (编译源文件“../../SandBox/src/SandBox.cpp”)
  
E:\myGitRepos\GameEngine\GameEngine\src\Engine\Imgui\ImGuiLayer.h(1,1): warning C4828: 文件包含在偏移 0x2c3 处开始的字符，该字符在当前源字符集中无效(代码页 65001)。
  (编译源文件“../../SandBox/src/SandBox.cpp”)
  
E:\myGitRepos\GameEngine\GameEngine\src\Engine\Imgui\ImGuiLayer.h(1,1): warning C4828: 文件包含在偏移 0x2c5 处开始的字符，该字符在当前源字符集中无效(代码页 65001)。
  (编译源文件“../../SandBox/src/SandBox.cpp”)
  
E:\myGitRepos\GameEngine\GameEngine\src\Engine\Imgui\ImGuiLayer.h(1,1): warning C4828: 文件包含在偏移 0x2c7 处开始的字符，该字符在当前源字符集中无效(代码页 65001)。
  (编译源文件“../../SandBox/src/SandBox.cpp”)
  
E:\myGitRepos\GameEngine\GameEngine\src\Engine\Imgui\ImGuiLayer.h(1,1): warning C4828: 文件包含在偏移 0x2c8 处开始的字符，该字符在当前源字符集中无效(代码页 65001)。
  (编译源文件“../../SandBox/src/SandBox.cpp”)
  
E:\myGitRepos\GameEngine\GameEngine\src\Engine\Imgui\ImGuiLayer.h(1,1): warning C4828: 文件包含在偏移 0x2c9 处开始的字符，该字符在当前源字符集中无效(代码页 65001)。
  (编译源文件“../../SandBox/src/SandBox.cpp”)
  
E:\myGitRepos\GameEngine\GameEngine\src\Engine\Imgui\ImGuiLayer.h(1,1): warning C4828: 文件包含在偏移 0x2ca 处开始的字符，该字符在当前源字符集中无效(代码页 65001)。
  (编译源文件“../../SandBox/src/SandBox.cpp”)
  
E:\myGitRepos\GameEngine\GameEngine\src\Engine\Imgui\ImGuiLayer.h(1,1): warning C4828: 文件包含在偏移 0x2cb 处开始的字符，该字符在当前源字符集中无效(代码页 65001)。
  (编译源文件“../../SandBox/src/SandBox.cpp”)
  
E:\myGitRepos\GameEngine\GameEngine\src\Engine\Imgui\ImGuiLayer.h(1,1): warning C4828: 文件包含在偏移 0x2cc 处开始的字符，该字符在当前源字符集中无效(代码页 65001)。
  (编译源文件“../../SandBox/src/SandBox.cpp”)
  
E:\myGitRepos\GameEngine\GameEngine\src\Engine\Imgui\ImGuiLayer.h(1,1): warning C4828: 文件包含在偏移 0x32b 处开始的字符，该字符在当前源字符集中无效(代码页 65001)。
  (编译源文件“../../SandBox/src/SandBox.cpp”)
  
E:\myGitRepos\GameEngine\GameEngine\src\Engine\Imgui\ImGuiLayer.h(1,1): warning C4828: 文件包含在偏移 0x32c 处开始的字符，该字符在当前源字符集中无效(代码页 65001)。
  (编译源文件“../../SandBox/src/SandBox.cpp”)
  
E:\myGitRepos\GameEngine\GameEngine\src\Engine\Imgui\ImGuiLayer.h(1,1): warning C4828: 文件包含在偏移 0x32d 处开始的字符，该字符在当前源字符集中无效(代码页 65001)。
  (编译源文件“../../SandBox/src/SandBox.cpp”)
  
E:\myGitRepos\GameEngine\GameEngine\src\Engine\Imgui\ImGuiLayer.h(1,1): warning C4828: 文件包含在偏移 0x32e 处开始的字符，该字符在当前源字符集中无效(代码页 65001)。
  (编译源文件“../../SandBox/src/SandBox.cpp”)
  
E:\myGitRepos\GameEngine\GameEngine\src\Engine\Imgui\ImGuiLayer.h(1,1): warning C4828: 文件包含在偏移 0x332 处开始的字符，该字符在当前源字符集中无效(代码页 65001)。
  (编译源文件“../../SandBox/src/SandBox.cpp”)
  
E:\myGitRepos\GameEngine\GameEngine\src\Engine\Imgui\ImGuiLayer.h(1,1): warning C4828: 文件包含在偏移 0x333 处开始的字符，该字符在当前源字符集中无效(代码页 65001)。
  (编译源文件“../../SandBox/src/SandBox.cpp”)
  
E:\myGitRepos\GameEngine\GameEngine\src\Engine\Imgui\ImGuiLayer.h(1,1): warning C4828: 文件包含在偏移 0x334 处开始的字符，该字符在当前源字符集中无效(代码页 65001)。
  (编译源文件“../../SandBox/src/SandBox.cpp”)
  
E:\myGitRepos\GameEngine\GameEngine\src\Engine\Imgui\ImGuiLayer.h(1,1): warning C4828: 文件包含在偏移 0x335 处开始的字符，该字符在当前源字符集中无效(代码页 65001)。
  (编译源文件“../../SandBox/src/SandBox.cpp”)
  
E:\myGitRepos\GameEngine\GameEngine\src\Engine\Imgui\ImGuiLayer.h(1,1): warning C4828: 文件包含在偏移 0x336 处开始的字符，该字符在当前源字符集中无效(代码页 65001)。
  (编译源文件“../../SandBox/src/SandBox.cpp”)
  
E:\myGitRepos\GameEngine\GameEngine\src\Engine\Imgui\ImGuiLayer.h(1,1): warning C4828: 文件包含在偏移 0x3a6 处开始的字符，该字符在当前源字符集中无效(代码页 65001)。
  (编译源文件“../../SandBox/src/SandBox.cpp”)
  
E:\myGitRepos\GameEngine\GameEngine\src\Engine\Imgui\ImGuiLayer.h(1,1): warning C4828: 文件包含在偏移 0x3a7 处开始的字符，该字符在当前源字符集中无效(代码页 65001)。
  (编译源文件“../../SandBox/src/SandBox.cpp”)
  
E:\myGitRepos\GameEngine\GameEngine\src\Engine\Imgui\ImGuiLayer.h(1,1): warning C4828: 文件包含在偏移 0x3a9 处开始的字符，该字符在当前源字符集中无效(代码页 65001)。
  (编译源文件“../../SandBox/src/SandBox.cpp”)
  
E:\myGitRepos\GameEngine\GameEngine\src\Engine\Imgui\ImGuiLayer.h(1,1): warning C4828: 文件包含在偏移 0x3cd 处开始的字符，该字符在当前源字符集中无效(代码页 65001)。
  (编译源文件“../../SandBox/src/SandBox.cpp”)
  
E:\myGitRepos\GameEngine\GameEngine\src\Engine\Imgui\ImGuiLayer.h(1,1): warning C4828: 文件包含在偏移 0x3cf 处开始的字符，该字符在当前源字符集中无效(代码页 65001)。
  (编译源文件“../../SandBox/src/SandBox.cpp”)
  
E:\myGitRepos\GameEngine\GameEngine\src\Engine\Imgui\ImGuiLayer.h(1,1): warning C4828: 文件包含在偏移 0x3d0 处开始的字符，该字符在当前源字符集中无效(代码页 65001)。
  (编译源文件“../../SandBox/src/SandBox.cpp”)
  
E:\myGitRepos\GameEngine\GameEngine\src\Engine\Imgui\ImGuiLayer.h(1,1): warning C4828: 文件包含在偏移 0x3d4 处开始的字符，该字符在当前源字符集中无效(代码页 65001)。
  (编译源文件“../../SandBox/src/SandBox.cpp”)
  
E:\myGitRepos\GameEngine\GameEngine\src\Engine\Imgui\ImGuiLayer.h(1,1): warning C4828: 文件包含在偏移 0x3d5 处开始的字符，该字符在当前源字符集中无效(代码页 65001)。
  (编译源文件“../../SandBox/src/SandBox.cpp”)
  
E:\myGitRepos\GameEngine\GameEngine\src\Engine\Imgui\ImGuiLayer.h(1,1): warning C4828: 文件包含在偏移 0x3d7 处开始的字符，该字符在当前源字符集中无效(代码页 65001)。
  (编译源文件“../../SandBox/src/SandBox.cpp”)
  
E:\myGitRepos\GameEngine\GameEngine\src\Engine\Imgui\ImGuiLayer.h(1,1): warning C4828: 文件包含在偏移 0x3d8 处开始的字符，该字符在当前源字符集中无效(代码页 65001)。
  (编译源文件“../../SandBox/src/SandBox.cpp”)
  
E:\myGitRepos\GameEngine\GameEngine\src\Engine\Imgui\ImGuiLayer.h(1,1): warning C4828: 文件包含在偏移 0x3d9 处开始的字符，该字符在当前源字符集中无效(代码页 65001)。
  (编译源文件“../../SandBox/src/SandBox.cpp”)
  
E:\myGitRepos\GameEngine\GameEngine\src\Engine\Imgui\ImGuiLayer.h(1,1): warning C4828: 文件包含在偏移 0x3da 处开始的字符，该字符在当前源字符集中无效(代码页 65001)。
  (编译源文件“../../SandBox/src/SandBox.cpp”)
  
E:\myGitRepos\GameEngine\GameEngine\src\Engine\Imgui\ImGuiLayer.h(1,1): warning C4828: 文件包含在偏移 0x3dc 处开始的字符，该字符在当前源字符集中无效(代码页 65001)。
  (编译源文件“../../SandBox/src/SandBox.cpp”)
  
E:\myGitRepos\GameEngine\GameEngine\src\Engine\Imgui\ImGuiLayer.h(1,1): warning C4828: 文件包含在偏移 0x3dd 处开始的字符，该字符在当前源字符集中无效(代码页 65001)。
  (编译源文件“../../SandBox/src/SandBox.cpp”)
  
E:\myGitRepos\GameEngine\GameEngine\src\Engine\Imgui\ImGuiLayer.h(1,1): warning C4828: 文件包含在偏移 0x3de 处开始的字符，该字符在当前源字符集中无效(代码页 65001)。
  (编译源文件“../../SandBox/src/SandBox.cpp”)
  
E:\myGitRepos\GameEngine\GameEngine\src\Engine\Imgui\ImGuiLayer.h(1,1): warning C4828: 文件包含在偏移 0x3df 处开始的字符，该字符在当前源字符集中无效(代码页 65001)。
  (编译源文件“../../SandBox/src/SandBox.cpp”)
  
E:\myGitRepos\GameEngine\GameEngine\src\Engine\Imgui\ImGuiLayer.h(1,1): warning C4828: 文件包含在偏移 0x3e0 处开始的字符，该字符在当前源字符集中无效(代码页 65001)。
  (编译源文件“../../SandBox/src/SandBox.cpp”)
  
E:\myGitRepos\GameEngine\GameEngine\src\Engine\Imgui\ImGuiLayer.h(1,1): warning C4828: 文件包含在偏移 0x408 处开始的字符，该字符在当前源字符集中无效(代码页 65001)。
  (编译源文件“../../SandBox/src/SandBox.cpp”)
  
E:\myGitRepos\GameEngine\GameEngine\src\Engine\Imgui\ImGuiLayer.h(1,1): warning C4828: 文件包含在偏移 0x40a 处开始的字符，该字符在当前源字符集中无效(代码页 65001)。
  (编译源文件“../../SandBox/src/SandBox.cpp”)
  
E:\myGitRepos\GameEngine\GameEngine\src\Engine\Imgui\ImGuiLayer.h(1,1): warning C4828: 文件包含在偏移 0x40b 处开始的字符，该字符在当前源字符集中无效(代码页 65001)。
  (编译源文件“../../SandBox/src/SandBox.cpp”)
  
E:\myGitRepos\GameEngine\GameEngine\src\Engine\Imgui\ImGuiLayer.h(1,1): warning C4828: 文件包含在偏移 0x40f 处开始的字符，该字符在当前源字符集中无效(代码页 65001)。
  (编译源文件“../../SandBox/src/SandBox.cpp”)
  
E:\myGitRepos\GameEngine\GameEngine\src\Engine\Imgui\ImGuiLayer.h(1,1): warning C4828: 文件包含在偏移 0x410 处开始的字符，该字符在当前源字符集中无效(代码页 65001)。
  (编译源文件“../../SandBox/src/SandBox.cpp”)
  
E:\myGitRepos\GameEngine\GameEngine\src\Engine\Imgui\ImGuiLayer.h(1,1): warning C4828: 文件包含在偏移 0x414 处开始的字符，该字符在当前源字符集中无效(代码页 65001)。
  (编译源文件“../../SandBox/src/SandBox.cpp”)
  
E:\myGitRepos\GameEngine\GameEngine\src\Engine\Imgui\ImGuiLayer.h(1,1): warning C4828: 文件包含在偏移 0x415 处开始的字符，该字符在当前源字符集中无效(代码页 65001)。
  (编译源文件“../../SandBox/src/SandBox.cpp”)
  
E:\myGitRepos\GameEngine\GameEngine\src\Engine\Imgui\ImGuiLayer.h(1,1): warning C4828: 文件包含在偏移 0x416 处开始的字符，该字符在当前源字符集中无效(代码页 65001)。
  (编译源文件“../../SandBox/src/SandBox.cpp”)
  
E:\myGitRepos\GameEngine\GameEngine\src\Engine\Imgui\ImGuiLayer.h(1,1): warning C4828: 文件包含在偏移 0x417 处开始的字符，该字符在当前源字符集中无效(代码页 65001)。
  (编译源文件“../../SandBox/src/SandBox.cpp”)
  
E:\myGitRepos\GameEngine\GameEngine\src\Engine\Input.h(1,1): warning C4828: 文件包含在偏移 0x173 处开始的字符，该字符在当前源字符集中无效(代码页 65001)。
  (编译源文件“../../SandBox/src/SandBox.cpp”)
  
E:\myGitRepos\GameEngine\GameEngine\src\Engine\Input.h(1,1): warning C4828: 文件包含在偏移 0x174 处开始的字符，该字符在当前源字符集中无效(代码页 65001)。
  (编译源文件“../../SandBox/src/SandBox.cpp”)
  
E:\myGitRepos\GameEngine\GameEngine\src\Engine\Input.h(1,1): warning C4828: 文件包含在偏移 0x175 处开始的字符，该字符在当前源字符集中无效(代码页 65001)。
  (编译源文件“../../SandBox/src/SandBox.cpp”)
  
E:\myGitRepos\GameEngine\GameEngine\src\Engine\Input.h(1,1): warning C4828: 文件包含在偏移 0x176 处开始的字符，该字符在当前源字符集中无效(代码页 65001)。
  (编译源文件“../../SandBox/src/SandBox.cpp”)
  
E:\myGitRepos\GameEngine\GameEngine\src\Engine\Input.h(1,1): warning C4828: 文件包含在偏移 0x179 处开始的字符，该字符在当前源字符集中无效(代码页 65001)。
  (编译源文件“../../SandBox/src/SandBox.cpp”)
  
E:\myGitRepos\GameEngine\GameEngine\src\Engine\Input.h(1,1): warning C4828: 文件包含在偏移 0x17a 处开始的字符，该字符在当前源字符集中无效(代码页 65001)。
  (编译源文件“../../SandBox/src/SandBox.cpp”)
  
E:\myGitRepos\GameEngine\GameEngine\src\Engine\Input.h(1,1): warning C4828: 文件包含在偏移 0x17b 处开始的字符，该字符在当前源字符集中无效(代码页 65001)。
  (编译源文件“../../SandBox/src/SandBox.cpp”)
  
E:\myGitRepos\GameEngine\GameEngine\src\Engine\Input.h(1,1): warning C4828: 文件包含在偏移 0x17c 处开始的字符，该字符在当前源字符集中无效(代码页 65001)。
  (编译源文件“../../SandBox/src/SandBox.cpp”)
  
E:\myGitRepos\GameEngine\GameEngine\src\Engine\Input.h(1,1): warning C4828: 文件包含在偏移 0x17d 处开始的字符，该字符在当前源字符集中无效(代码页 65001)。
  (编译源文件“../../SandBox/src/SandBox.cpp”)
  
E:\myGitRepos\GameEngine\GameEngine\src\Engine\Input.h(1,1): warning C4828: 文件包含在偏移 0x17e 处开始的字符，该字符在当前源字符集中无效(代码页 65001)。
  (编译源文件“../../SandBox/src/SandBox.cpp”)
  
E:\myGitRepos\GameEngine\GameEngine\src\Engine\Input.h(1,1): warning C4828: 文件包含在偏移 0x17f 处开始的字符，该字符在当前源字符集中无效(代码页 65001)。
  (编译源文件“../../SandBox/src/SandBox.cpp”)
  
E:\myGitRepos\GameEngine\GameEngine\src\Engine\Input.h(1,1): warning C4828: 文件包含在偏移 0x180 处开始的字符，该字符在当前源字符集中无效(代码页 65001)。
  (编译源文件“../../SandBox/src/SandBox.cpp”)
  
E:\myGitRepos\GameEngine\GameEngine\src\Engine\Input.h(1,1): warning C4828: 文件包含在偏移 0x181 处开始的字符，该字符在当前源字符集中无效(代码页 65001)。
  (编译源文件“../../SandBox/src/SandBox.cpp”)
  
E:\myGitRepos\GameEngine\GameEngine\src\Engine\Input.h(1,1): warning C4828: 文件包含在偏移 0x182 处开始的字符，该字符在当前源字符集中无效(代码页 65001)。
  (编译源文件“../../SandBox/src/SandBox.cpp”)
  
E:\myGitRepos\GameEngine\GameEngine\src\Engine\Input.h(1,1): warning C4828: 文件包含在偏移 0x185 处开始的字符，该字符在当前源字符集中无效(代码页 65001)。
  (编译源文件“../../SandBox/src/SandBox.cpp”)
  
E:\myGitRepos\GameEngine\GameEngine\src\Engine\Input.h(1,1): warning C4828: 文件包含在偏移 0x186 处开始的字符，该字符在当前源字符集中无效(代码页 65001)。
  (编译源文件“../../SandBox/src/SandBox.cpp”)
  
E:\myGitRepos\GameEngine\GameEngine\src\Engine\Input.h(1,1): warning C4828: 文件包含在偏移 0x187 处开始的字符，该字符在当前源字符集中无效(代码页 65001)。
  (编译源文件“../../SandBox/src/SandBox.cpp”)
  
E:\myGitRepos\GameEngine\GameEngine\src\Engine\Input.h(1,1): warning C4828: 文件包含在偏移 0x188 处开始的字符，该字符在当前源字符集中无效(代码页 65001)。
  (编译源文件“../../SandBox/src/SandBox.cpp”)
  
E:\myGitRepos\GameEngine\GameEngine\src\Engine\Input.h(1,1): warning C4828: 文件包含在偏移 0x18c 处开始的字符，该字符在当前源字符集中无效(代码页 65001)。
  (编译源文件“../../SandBox/src/SandBox.cpp”)
  
E:\myGitRepos\GameEngine\GameEngine\src\Engine\Input.h(1,1): warning C4828: 文件包含在偏移 0x18d 处开始的字符，该字符在当前源字符集中无效(代码页 65001)。
  (编译源文件“../../SandBox/src/SandBox.cpp”)
  
E:\myGitRepos\GameEngine\GameEngine\src\Engine\Input.h(1,1): warning C4828: 文件包含在偏移 0x18e 处开始的字符，该字符在当前源字符集中无效(代码页 65001)。
  (编译源文件“../../SandBox/src/SandBox.cpp”)
  
E:\myGitRepos\GameEngine\GameEngine\src\Engine\Input.h(1,1): warning C4828: 文件包含在偏移 0x190 处开始的字符，该字符在当前源字符集中无效(代码页 65001)。
  (编译源文件“../../SandBox/src/SandBox.cpp”)
  
E:\myGitRepos\GameEngine\GameEngine\src\Engine\Input.h(1,1): warning C4828: 文件包含在偏移 0x191 处开始的字符，该字符在当前源字符集中无效(代码页 65001)。
  (编译源文件“../../SandBox/src/SandBox.cpp”)
  
E:\myGitRepos\GameEngine\GameEngine\src\Engine\Input.h(1,1): warning C4828: 文件包含在偏移 0x192 处开始的字符，该字符在当前源字符集中无效(代码页 65001)。
  (编译源文件“../../SandBox/src/SandBox.cpp”)
  
E:\myGitRepos\GameEngine\GameEngine\src\Engine\platform\WindowWindows.h(1,1): warning C4828: 文件包含在偏移 0x24c 处开始的字符，该字符在当前源字符集中无效(代码页 65001)。
  (编译源文件“../../SandBox/src/SandBox.cpp”)
  
E:\myGitRepos\GameEngine\GameEngine\src\Engine\platform\WindowWindows.h(1,1): warning C4828: 文件包含在偏移 0x24d 处开始的字符，该字符在当前源字符集中无效(代码页 65001)。
  (编译源文件“../../SandBox/src/SandBox.cpp”)
  
E:\myGitRepos\GameEngine\GameEngine\src\Engine\platform\WindowWindows.h(1,1): warning C4828: 文件包含在偏移 0x24e 处开始的字符，该字符在当前源字符集中无效(代码页 65001)。
  (编译源文件“../../SandBox/src/SandBox.cpp”)
  
E:\myGitRepos\GameEngine\GameEngine\src\Engine\platform\WindowWindows.h(1,1): warning C4828: 文件包含在偏移 0x24f 处开始的字符，该字符在当前源字符集中无效(代码页 65001)。
  (编译源文件“../../SandBox/src/SandBox.cpp”)
  
E:\myGitRepos\GameEngine\GameEngine\src\Engine\platform\WindowWindows.h(1,1): warning C4828: 文件包含在偏移 0x251 处开始的字符，该字符在当前源字符集中无效(代码页 65001)。
  (编译源文件“../../SandBox/src/SandBox.cpp”)
  
E:\myGitRepos\GameEngine\GameEngine\src\Engine\platform\WindowWindows.h(1,1): warning C4828: 文件包含在偏移 0x252 处开始的字符，该字符在当前源字符集中无效(代码页 65001)。
  (编译源文件“../../SandBox/src/SandBox.cpp”)
  
  main.cpp
E:\myGitRepos\GameEngine\SandBox\src\main.cpp(1,1): warning C4828: 文件包含在偏移 0x21 处开始的字符，该字符在当前源字符集中无效(代码页 65001)。
E:\myGitRepos\GameEngine\SandBox\src\main.cpp(1,1): warning C4828: 文件包含在偏移 0x23 处开始的字符，该字符在当前源字符集中无效(代码页 65001)。
E:\myGitRepos\GameEngine\SandBox\src\main.cpp(1,1): warning C4828: 文件包含在偏移 0x25 处开始的字符，该字符在当前源字符集中无效(代码页 65001)。
E:\myGitRepos\GameEngine\SandBox\src\main.cpp(1,1): warning C4828: 文件包含在偏移 0x27 处开始的字符，该字符在当前源字符集中无效(代码页 65001)。
E:\myGitRepos\GameEngine\SandBox\src\main.cpp(1,1): warning C4828: 文件包含在偏移 0x2d 处开始的字符，该字符在当前源字符集中无效(代码页 65001)。
E:\myGitRepos\GameEngine\SandBox\src\main.cpp(1,1): warning C4828: 文件包含在偏移 0x2e 处开始的字符，该字符在当前源字符集中无效(代码页 65001)。
E:\myGitRepos\GameEngine\SandBox\src\main.cpp(1,1): warning C4828: 文件包含在偏移 0x2f 处开始的字符，该字符在当前源字符集中无效(代码页 65001)。
E:\myGitRepos\GameEngine\SandBox\src\main.cpp(1,1): warning C4828: 文件包含在偏移 0x30 处开始的字符，该字符在当前源字符集中无效(代码页 65001)。
E:\myGitRepos\GameEngine\SandBox\src\main.cpp(1,1): warning C4828: 文件包含在偏移 0x37 处开始的字符，该字符在当前源字符集中无效(代码页 65001)。
E:\myGitRepos\GameEngine\SandBox\src\main.cpp(1,1): warning C4828: 文件包含在偏移 0x38 处开始的字符，该字符在当前源字符集中无效(代码页 65001)。
E:\myGitRepos\GameEngine\SandBox\src\main.cpp(1,1): warning C4828: 文件包含在偏移 0x39 处开始的字符，该字符在当前源字符集中无效(代码页 65001)。
E:\myGitRepos\GameEngine\SandBox\src\main.cpp(1,1): warning C4828: 文件包含在偏移 0x3b 处开始的字符，该字符在当前源字符集中无效(代码页 65001)。
E:\myGitRepos\GameEngine\SandBox\src\main.cpp(1,1): warning C4828: 文件包含在偏移 0x3c 处开始的字符，该字符在当前源字符集中无效(代码页 65001)。
E:\myGitRepos\GameEngine\SandBox\src\main.cpp(1,1): warning C4828: 文件包含在偏移 0x3e 处开始的字符，该字符在当前源字符集中无效(代码页 65001)。
E:\myGitRepos\GameEngine\SandBox\src\main.cpp(1,1): warning C4828: 文件包含在偏移 0x3f 处开始的字符，该字符在当前源字符集中无效(代码页 65001)。
E:\myGitRepos\GameEngine\GameEngine\src\Engine.h(1,1): warning C4828: 文件包含在偏移 0x2a 处开始的字符，该字符在当前源字符集中无效(代码页 65001)。
  (编译源文件“../../SandBox/src/main.cpp”)
  
E:\myGitRepos\GameEngine\GameEngine\src\Engine.h(1,1): warning C4828: 文件包含在偏移 0x67 处开始的字符，该字符在当前源字符集中无效(代码页 65001)。
  (编译源文件“../../SandBox/src/main.cpp”)
  
E:\myGitRepos\GameEngine\GameEngine\src\Engine\Event.h(1,1): warning C4828: 文件包含在偏移 0x198 处开始的字符，该字符在当前源字符集中无效(代码页 65001)。
  (编译源文件“../../SandBox/src/main.cpp”)
  
E:\myGitRepos\GameEngine\GameEngine\src\Engine\Event.h(1,1): warning C4828: 文件包含在偏移 0x19a 处开始的字符，该字符在当前源字符集中无效(代码页 65001)。
  (编译源文件“../../SandBox/src/main.cpp”)
  
E:\myGitRepos\GameEngine\GameEngine\src\Engine\Event.h(1,1): warning C4828: 文件包含在偏移 0x1ad 处开始的字符，该字符在当前源字符集中无效(代码页 65001)。
  (编译源文件“../../SandBox/src/main.cpp”)
  
E:\myGitRepos\GameEngine\GameEngine\src\Engine\Event.h(1,1): warning C4828: 文件包含在偏移 0x1ae 处开始的字符，该字符在当前源字符集中无效(代码页 65001)。
  (编译源文件“../../SandBox/src/main.cpp”)
  
E:\myGitRepos\GameEngine\GameEngine\src\Engine\Event.h(1,1): warning C4828: 文件包含在偏移 0x1b0 处开始的字符，该字符在当前源字符集中无效(代码页 65001)。
  (编译源文件“../../SandBox/src/main.cpp”)
  
E:\myGitRepos\GameEngine\GameEngine\src\Engine\Event.h(1,1): warning C4828: 文件包含在偏移 0x1b2 处开始的字符，该字符在当前源字符集中无效(代码页 65001)。
  (编译源文件“../../SandBox/src/main.cpp”)
  
E:\myGitRepos\GameEngine\GameEngine\src\Engine\Event.h(1,1): warning C4828: 文件包含在偏移 0x1b3 处开始的字符，该字符在当前源字符集中无效(代码页 65001)。
  (编译源文件“../../SandBox/src/main.cpp”)
  
E:\myGitRepos\GameEngine\GameEngine\src\Engine\Event.h(1,1): warning C4828: 文件包含在偏移 0x1b5 处开始的字符，该字符在当前源字符集中无效(代码页 65001)。
  (编译源文件“../../SandBox/src/main.cpp”)
  
E:\myGitRepos\GameEngine\GameEngine\src\Engine\Event.h(1,1): warning C4828: 文件包含在偏移 0x1b6 处开始的字符，该字符在当前源字符集中无效(代码页 65001)。
  (编译源文件“../../SandBox/src/main.cpp”)
  
E:\myGitRepos\GameEngine\GameEngine\src\Engine\Event.h(1,1): warning C4828: 文件包含在偏移 0x1b8 处开始的字符，该字符在当前源字符集中无效(代码页 65001)。
  (编译源文件“../../SandBox/src/main.cpp”)
  
E:\myGitRepos\GameEngine\GameEngine\src\Engine\Event.h(1,1): warning C4828: 文件包含在偏移 0x2ed 处开始的字符，该字符在当前源字符集中无效(代码页 65001)。
  (编译源文件“../../SandBox/src/main.cpp”)
  
E:\myGitRepos\GameEngine\GameEngine\src\Engine\Event.h(1,1): warning C4828: 文件包含在偏移 0x2ef 处开始的字符，该字符在当前源字符集中无效(代码页 65001)。
  (编译源文件“../../SandBox/src/main.cpp”)
  
E:\myGitRepos\GameEngine\GameEngine\src\Engine\Event.h(1,1): warning C4828: 文件包含在偏移 0x2f0 处开始的字符，该字符在当前源字符集中无效(代码页 65001)。
  (编译源文件“../../SandBox/src/main.cpp”)
  
E:\myGitRepos\GameEngine\GameEngine\src\Engine\Event.h(1,1): warning C4828: 文件包含在偏移 0x2f4 处开始的字符，该字符在当前源字符集中无效(代码页 65001)。
  (编译源文件“../../SandBox/src/main.cpp”)
  
E:\myGitRepos\GameEngine\GameEngine\src\Engine\Event.h(1,1): warning C4828: 文件包含在偏移 0x2f5 处开始的字符，该字符在当前源字符集中无效(代码页 65001)。
  (编译源文件“../../SandBox/src/main.cpp”)
  
E:\myGitRepos\GameEngine\GameEngine\src\Engine\Event.h(1,1): warning C4828: 文件包含在偏移 0x2f6 处开始的字符，该字符在当前源字符集中无效(代码页 65001)。
  (编译源文件“../../SandBox/src/main.cpp”)
  
E:\myGitRepos\GameEngine\GameEngine\src\Engine\Event.h(1,1): warning C4828: 文件包含在偏移 0x2f7 处开始的字符，该字符在当前源字符集中无效(代码页 65001)。
  (编译源文件“../../SandBox/src/main.cpp”)
  
E:\myGitRepos\GameEngine\GameEngine\src\Engine\Event.h(1,1): warning C4828: 文件包含在偏移 0x2f8 处开始的字符，该字符在当前源字符集中无效(代码页 65001)。
  (编译源文件“../../SandBox/src/main.cpp”)
  
E:\myGitRepos\GameEngine\GameEngine\src\Engine\Event.h(1,1): warning C4828: 文件包含在偏移 0x2fb 处开始的字符，该字符在当前源字符集中无效(代码页 65001)。
  (编译源文件“../../SandBox/src/main.cpp”)
  
E:\myGitRepos\GameEngine\GameEngine\src\Engine\Event.h(1,1): warning C4828: 文件包含在偏移 0x2fd 处开始的字符，该字符在当前源字符集中无效(代码页 65001)。
  (编译源文件“../../SandBox/src/main.cpp”)
  
E:\myGitRepos\GameEngine\GameEngine\src\Engine\Event.h(1,1): warning C4828: 文件包含在偏移 0x2fe 处开始的字符，该字符在当前源字符集中无效(代码页 65001)。
  (编译源文件“../../SandBox/src/main.cpp”)
  
E:\myGitRepos\GameEngine\GameEngine\src\Engine\Event.h(1,1): warning C4828: 文件包含在偏移 0x555 处开始的字符，该字符在当前源字符集中无效(代码页 65001)。
  (编译源文件“../../SandBox/src/main.cpp”)
  
E:\myGitRepos\GameEngine\GameEngine\src\Engine\Event.h(1,1): warning C4828: 文件包含在偏移 0x556 处开始的字符，该字符在当前源字符集中无效(代码页 65001)。
  (编译源文件“../../SandBox/src/main.cpp”)
  
E:\myGitRepos\GameEngine\GameEngine\src\Engine\Event.h(1,1): warning C4828: 文件包含在偏移 0x55b 处开始的字符，该字符在当前源字符集中无效(代码页 65001)。
  (编译源文件“../../SandBox/src/main.cpp”)
  
E:\myGitRepos\GameEngine\GameEngine\src\Engine\Event.h(1,1): warning C4828: 文件包含在偏移 0x55d 处开始的字符，该字符在当前源字符集中无效(代码页 65001)。
  (编译源文件“../../SandBox/src/main.cpp”)
  
E:\myGitRepos\GameEngine\GameEngine\src\Engine\Event.h(1,1): warning C4828: 文件包含在偏移 0x55e 处开始的字符，该字符在当前源字符集中无效(代码页 65001)。
  (编译源文件“../../SandBox/src/main.cpp”)
  
E:\myGitRepos\GameEngine\GameEngine\src\Engine\Event.h(1,1): warning C4828: 文件包含在偏移 0x561 处开始的字符，该字符在当前源字符集中无效(代码页 65001)。
  (编译源文件“../../SandBox/src/main.cpp”)
  
E:\myGitRepos\GameEngine\GameEngine\src\Engine\Event.h(1,1): warning C4828: 文件包含在偏移 0x562 处开始的字符，该字符在当前源字符集中无效(代码页 65001)。
  (编译源文件“../../SandBox/src/main.cpp”)
  
E:\myGitRepos\GameEngine\GameEngine\src\Engine\Event.h(1,1): warning C4828: 文件包含在偏移 0x563 处开始的字符，该字符在当前源字符集中无效(代码页 65001)。
  (编译源文件“../../SandBox/src/main.cpp”)
  
E:\myGitRepos\GameEngine\GameEngine\src\Engine\Event.h(1,1): warning C4828: 文件包含在偏移 0x565 处开始的字符，该字符在当前源字符集中无效(代码页 65001)。
  (编译源文件“../../SandBox/src/main.cpp”)
  
E:\myGitRepos\GameEngine\GameEngine\src\Engine\Event.h(1,1): warning C4828: 文件包含在偏移 0x566 处开始的字符，该字符在当前源字符集中无效(代码页 65001)。
  (编译源文件“../../SandBox/src/main.cpp”)
  
E:\myGitRepos\GameEngine\GameEngine\src\Engine\Event.h(1,1): warning C4828: 文件包含在偏移 0x567 处开始的字符，该字符在当前源字符集中无效(代码页 65001)。
  (编译源文件“../../SandBox/src/main.cpp”)
  
E:\myGitRepos\GameEngine\GameEngine\src\Engine\Event.h(1,1): warning C4828: 文件包含在偏移 0x568 处开始的字符，该字符在当前源字符集中无效(代码页 65001)。
  (编译源文件“../../SandBox/src/main.cpp”)
  
E:\myGitRepos\GameEngine\GameEngine\src\Engine\Event.h(1,1): warning C4828: 文件包含在偏移 0x569 处开始的字符，该字符在当前源字符集中无效(代码页 65001)。
  (编译源文件“../../SandBox/src/main.cpp”)
  
E:\myGitRepos\GameEngine\GameEngine\src\Engine\Event.h(1,1): warning C4828: 文件包含在偏移 0x56a 处开始的字符，该字符在当前源字符集中无效(代码页 65001)。
  (编译源文件“../../SandBox/src/main.cpp”)
  
E:\myGitRepos\GameEngine\GameEngine\src\Engine\Event.h(1,1): warning C4828: 文件包含在偏移 0x56b 处开始的字符，该字符在当前源字符集中无效(代码页 65001)。
  (编译源文件“../../SandBox/src/main.cpp”)
  
E:\myGitRepos\GameEngine\GameEngine\src\Engine\Event.h(1,1): warning C4828: 文件包含在偏移 0x56c 处开始的字符，该字符在当前源字符集中无效(代码页 65001)。
  (编译源文件“../../SandBox/src/main.cpp”)
  
E:\myGitRepos\GameEngine\GameEngine\src\Engine\Event.h(1,1): warning C4828: 文件包含在偏移 0x56d 处开始的字符，该字符在当前源字符集中无效(代码页 65001)。
  (编译源文件“../../SandBox/src/main.cpp”)
  
E:\myGitRepos\GameEngine\GameEngine\src\Engine\Event.h(1,1): warning C4828: 文件包含在偏移 0x56f 处开始的字符，该字符在当前源字符集中无效(代码页 65001)。
  (编译源文件“../../SandBox/src/main.cpp”)
  
E:\myGitRepos\GameEngine\GameEngine\src\Engine\Event.h(1,1): warning C4828: 文件包含在偏移 0x570 处开始的字符，该字符在当前源字符集中无效(代码页 65001)。
  (编译源文件“../../SandBox/src/main.cpp”)
  
E:\myGitRepos\GameEngine\GameEngine\src\Engine\Event.h(1,1): warning C4828: 文件包含在偏移 0x573 处开始的字符，该字符在当前源字符集中无效(代码页 65001)。
  (编译源文件“../../SandBox/src/main.cpp”)
  
E:\myGitRepos\GameEngine\GameEngine\src\Engine\Event.h(1,1): warning C4828: 文件包含在偏移 0x575 处开始的字符，该字符在当前源字符集中无效(代码页 65001)。
  (编译源文件“../../SandBox/src/main.cpp”)
  
E:\myGitRepos\GameEngine\GameEngine\src\Engine\Event.h(1,1): warning C4828: 文件包含在偏移 0x576 处开始的字符，该字符在当前源字符集中无效(代码页 65001)。
  (编译源文件“../../SandBox/src/main.cpp”)
  
E:\myGitRepos\GameEngine\GameEngine\src\Engine\Event.h(1,1): warning C4828: 文件包含在偏移 0x57a 处开始的字符，该字符在当前源字符集中无效(代码页 65001)。
  (编译源文件“../../SandBox/src/main.cpp”)
  
E:\myGitRepos\GameEngine\GameEngine\src\Engine\Event.h(1,1): warning C4828: 文件包含在偏移 0x57b 处开始的字符，该字符在当前源字符集中无效(代码页 65001)。
  (编译源文件“../../SandBox/src/main.cpp”)
  
E:\myGitRepos\GameEngine\GameEngine\src\Engine\Event.h(1,1): warning C4828: 文件包含在偏移 0x57f 处开始的字符，该字符在当前源字符集中无效(代码页 65001)。
  (编译源文件“../../SandBox/src/main.cpp”)
  
E:\myGitRepos\GameEngine\GameEngine\src\Engine\Event.h(1,1): warning C4828: 文件包含在偏移 0x581 处开始的字符，该字符在当前源字符集中无效(代码页 65001)。
  (编译源文件“../../SandBox/src/main.cpp”)
  
E:\myGitRepos\GameEngine\GameEngine\src\Engine\Event.h(1,1): warning C4828: 文件包含在偏移 0x7e9 处开始的字符，该字符在当前源字符集中无效(代码页 65001)。
  (编译源文件“../../SandBox/src/main.cpp”)
  
E:\myGitRepos\GameEngine\GameEngine\src\Engine\Event.h(1,1): warning C4828: 文件包含在偏移 0x7ea 处开始的字符，该字符在当前源字符集中无效(代码页 65001)。
  (编译源文件“../../SandBox/src/main.cpp”)
  
E:\myGitRepos\GameEngine\GameEngine\src\Engine\Event.h(1,1): warning C4828: 文件包含在偏移 0x7ef 处开始的字符，该字符在当前源字符集中无效(代码页 65001)。
  (编译源文件“../../SandBox/src/main.cpp”)
  
E:\myGitRepos\GameEngine\GameEngine\src\Engine\Event.h(1,1): warning C4828: 文件包含在偏移 0x7f1 处开始的字符，该字符在当前源字符集中无效(代码页 65001)。
  (编译源文件“../../SandBox/src/main.cpp”)
  
E:\myGitRepos\GameEngine\GameEngine\src\Engine\Event.h(1,1): warning C4828: 文件包含在偏移 0x7f7 处开始的字符，该字符在当前源字符集中无效(代码页 65001)。
  (编译源文件“../../SandBox/src/main.cpp”)
  
E:\myGitRepos\GameEngine\GameEngine\src\Engine\Event.h(1,1): warning C4828: 文件包含在偏移 0x7f8 处开始的字符，该字符在当前源字符集中无效(代码页 65001)。
  (编译源文件“../../SandBox/src/main.cpp”)
  
E:\myGitRepos\GameEngine\GameEngine\src\Engine\Event.h(1,1): warning C4828: 文件包含在偏移 0x7f9 处开始的字符，该字符在当前源字符集中无效(代码页 65001)。
  (编译源文件“../../SandBox/src/main.cpp”)
  
E:\myGitRepos\GameEngine\GameEngine\src\Engine\Event.h(1,1): warning C4828: 文件包含在偏移 0x7fb 处开始的字符，该字符在当前源字符集中无效(代码页 65001)。
  (编译源文件“../../SandBox/src/main.cpp”)
  
E:\myGitRepos\GameEngine\GameEngine\src\Engine\Event.h(1,1): warning C4828: 文件包含在偏移 0x7fd 处开始的字符，该字符在当前源字符集中无效(代码页 65001)。
  (编译源文件“../../SandBox/src/main.cpp”)
  
E:\myGitRepos\GameEngine\GameEngine\src\Engine\Event.h(1,1): warning C4828: 文件包含在偏移 0x7fe 处开始的字符，该字符在当前源字符集中无效(代码页 65001)。
  (编译源文件“../../SandBox/src/main.cpp”)
  
E:\myGitRepos\GameEngine\GameEngine\src\Engine\Event.h(1,1): warning C4828: 文件包含在偏移 0xa49 处开始的字符，该字符在当前源字符集中无效(代码页 65001)。
  (编译源文件“../../SandBox/src/main.cpp”)
  
E:\myGitRepos\GameEngine\GameEngine\src\Engine\Event.h(1,1): warning C4828: 文件包含在偏移 0xa4a 处开始的字符，该字符在当前源字符集中无效(代码页 65001)。
  (编译源文件“../../SandBox/src/main.cpp”)
  
E:\myGitRepos\GameEngine\GameEngine\src\Engine\Event.h(1,1): warning C4828: 文件包含在偏移 0xa4f 处开始的字符，该字符在当前源字符集中无效(代码页 65001)。
  (编译源文件“../../SandBox/src/main.cpp”)
  
E:\myGitRepos\GameEngine\GameEngine\src\Engine\Event.h(1,1): warning C4828: 文件包含在偏移 0xa51 处开始的字符，该字符在当前源字符集中无效(代码页 65001)。
  (编译源文件“../../SandBox/src/main.cpp”)
  
E:\myGitRepos\GameEngine\GameEngine\src\Engine\Event.h(1,1): warning C4828: 文件包含在偏移 0xa57 处开始的字符，该字符在当前源字符集中无效(代码页 65001)。
  (编译源文件“../../SandBox/src/main.cpp”)
  
E:\myGitRepos\GameEngine\GameEngine\src\Engine\Event.h(1,1): warning C4828: 文件包含在偏移 0xa59 处开始的字符，该字符在当前源字符集中无效(代码页 65001)。
  (编译源文件“../../SandBox/src/main.cpp”)
  
E:\myGitRepos\GameEngine\GameEngine\src\Engine\Event.h(1,1): warning C4828: 文件包含在偏移 0xa5a 处开始的字符，该字符在当前源字符集中无效(代码页 65001)。
  (编译源文件“../../SandBox/src/main.cpp”)
  
E:\myGitRepos\GameEngine\GameEngine\src\Engine\Event.h(1,1): warning C4828: 文件包含在偏移 0xa5e 处开始的字符，该字符在当前源字符集中无效(代码页 65001)。
  (编译源文件“../../SandBox/src/main.cpp”)
  
E:\myGitRepos\GameEngine\GameEngine\src\Engine\Event.h(1,1): warning C4828: 文件包含在偏移 0x1186 处开始的字符，该字符在当前源字符集中无效(代码页 65001)。
  (编译源文件“../../SandBox/src/main.cpp”)
  
E:\myGitRepos\GameEngine\GameEngine\src\Engine\Event.h(1,1): warning C4828: 文件包含在偏移 0x1187 处开始的字符，该字符在当前源字符集中无效(代码页 65001)。
  (编译源文件“../../SandBox/src/main.cpp”)
  
E:\myGitRepos\GameEngine\GameEngine\src\Engine\Event.h(1,1): warning C4828: 文件包含在偏移 0x1188 处开始的字符，该字符在当前源字符集中无效(代码页 65001)。
  (编译源文件“../../SandBox/src/main.cpp”)
  
E:\myGitRepos\GameEngine\GameEngine\src\Engine\Event.h(1,1): warning C4828: 文件包含在偏移 0x118a 处开始的字符，该字符在当前源字符集中无效(代码页 65001)。
  (编译源文件“../../SandBox/src/main.cpp”)
  
E:\myGitRepos\GameEngine\GameEngine\src\Engine\Event.h(1,1): warning C4828: 文件包含在偏移 0x118b 处开始的字符，该字符在当前源字符集中无效(代码页 65001)。
  (编译源文件“../../SandBox/src/main.cpp”)
  
E:\myGitRepos\GameEngine\GameEngine\src\Engine\Event.h(1,1): warning C4828: 文件包含在偏移 0x118f 处开始的字符，该字符在当前源字符集中无效(代码页 65001)。
  (编译源文件“../../SandBox/src/main.cpp”)
  
E:\myGitRepos\GameEngine\GameEngine\src\Engine\Event.h(1,1): warning C4828: 文件包含在偏移 0x1190 处开始的字符，该字符在当前源字符集中无效(代码页 65001)。
  (编译源文件“../../SandBox/src/main.cpp”)
  
E:\myGitRepos\GameEngine\GameEngine\src\Engine\Event.h(1,1): warning C4828: 文件包含在偏移 0x1192 处开始的字符，该字符在当前源字符集中无效(代码页 65001)。
  (编译源文件“../../SandBox/src/main.cpp”)
  
E:\myGitRepos\GameEngine\GameEngine\src\Engine\Event.h(1,1): warning C4828: 文件包含在偏移 0x1193 处开始的字符，该字符在当前源字符集中无效(代码页 65001)。
  (编译源文件“../../SandBox/src/main.cpp”)
  
E:\myGitRepos\GameEngine\GameEngine\src\Engine\Event.h(1,1): warning C4828: 文件包含在偏移 0x1196 处开始的字符，该字符在当前源字符集中无效(代码页 65001)。
  (编译源文件“../../SandBox/src/main.cpp”)
  
E:\myGitRepos\GameEngine\GameEngine\src\Engine\Event.h(1,1): warning C4828: 文件包含在偏移 0x1197 处开始的字符，该字符在当前源字符集中无效(代码页 65001)。
  (编译源文件“../../SandBox/src/main.cpp”)
  
E:\myGitRepos\GameEngine\GameEngine\src\Engine\Event.h(1,1): warning C4828: 文件包含在偏移 0x119b 处开始的字符，该字符在当前源字符集中无效(代码页 65001)。
  (编译源文件“../../SandBox/src/main.cpp”)
  
E:\myGitRepos\GameEngine\GameEngine\src\Engine\Event.h(1,1): warning C4828: 文件包含在偏移 0x119c 处开始的字符，该字符在当前源字符集中无效(代码页 65001)。
  (编译源文件“../../SandBox/src/main.cpp”)
  
E:\myGitRepos\GameEngine\GameEngine\src\Engine\Event.h(1,1): warning C4828: 文件包含在偏移 0x119d 处开始的字符，该字符在当前源字符集中无效(代码页 65001)。
  (编译源文件“../../SandBox/src/main.cpp”)
  
E:\myGitRepos\GameEngine\GameEngine\src\Engine\Event.h(1,1): warning C4828: 文件包含在偏移 0x119e 处开始的字符，该字符在当前源字符集中无效(代码页 65001)。
  (编译源文件“../../SandBox/src/main.cpp”)
  
E:\myGitRepos\GameEngine\GameEngine\src\Engine\Event.h(1,1): warning C4828: 文件包含在偏移 0x11a2 处开始的字符，该字符在当前源字符集中无效(代码页 65001)。
  (编译源文件“../../SandBox/src/main.cpp”)
  
E:\myGitRepos\GameEngine\GameEngine\src\Engine\Event.h(1,1): warning C4828: 文件包含在偏移 0x122d 处开始的字符，该字符在当前源字符集中无效(代码页 65001)。
  (编译源文件“../../SandBox/src/main.cpp”)
  
E:\myGitRepos\GameEngine\GameEngine\src\Engine\Event.h(1,1): warning C4828: 文件包含在偏移 0x122e 处开始的字符，该字符在当前源字符集中无效(代码页 65001)。
  (编译源文件“../../SandBox/src/main.cpp”)
  
E:\myGitRepos\GameEngine\GameEngine\src\Engine\Event.h(1,1): warning C4828: 文件包含在偏移 0x1231 处开始的字符，该字符在当前源字符集中无效(代码页 65001)。
  (编译源文件“../../SandBox/src/main.cpp”)
  
E:\myGitRepos\GameEngine\GameEngine\src\Engine\Event.h(1,1): warning C4828: 文件包含在偏移 0x1232 处开始的字符，该字符在当前源字符集中无效(代码页 65001)。
  (编译源文件“../../SandBox/src/main.cpp”)
  
E:\myGitRepos\GameEngine\GameEngine\src\Engine\Event.h(1,1): warning C4828: 文件包含在偏移 0x1233 处开始的字符，该字符在当前源字符集中无效(代码页 65001)。
  (编译源文件“../../SandBox/src/main.cpp”)
  
E:\myGitRepos\GameEngine\GameEngine\src\Engine\Event.h(1,1): warning C4828: 文件包含在偏移 0x1235 处开始的字符，该字符在当前源字符集中无效(代码页 65001)。
  (编译源文件“../../SandBox/src/main.cpp”)
  
E:\myGitRepos\GameEngine\GameEngine\src\Engine\Event.h(1,1): warning C4828: 文件包含在偏移 0x1236 处开始的字符，该字符在当前源字符集中无效(代码页 65001)。
  (编译源文件“../../SandBox/src/main.cpp”)
  
E:\myGitRepos\GameEngine\GameEngine\src\Engine\Event.h(1,1): warning C4828: 文件包含在偏移 0x1238 处开始的字符，该字符在当前源字符集中无效(代码页 65001)。
  (编译源文件“../../SandBox/src/main.cpp”)
  
E:\myGitRepos\GameEngine\GameEngine\src\Engine\Event.h(1,1): warning C4828: 文件包含在偏移 0x123b 处开始的字符，该字符在当前源字符集中无效(代码页 65001)。
  (编译源文件“../../SandBox/src/main.cpp”)
  
E:\myGitRepos\GameEngine\GameEngine\src\Engine\Event.h(1,1): warning C4828: 文件包含在偏移 0x123d 处开始的字符，该字符在当前源字符集中无效(代码页 65001)。
  (编译源文件“../../SandBox/src/main.cpp”)
  
E:\myGitRepos\GameEngine\GameEngine\src\Engine\Event.h(1,1): warning C4828: 文件包含在偏移 0x123e 处开始的字符，该字符在当前源字符集中无效(代码页 65001)。
  (编译源文件“../../SandBox/src/main.cpp”)
  
E:\myGitRepos\GameEngine\GameEngine\src\Engine\Event.h(1,1): warning C4828: 文件包含在偏移 0x1245 处开始的字符，该字符在当前源字符集中无效(代码页 65001)。
  (编译源文件“../../SandBox/src/main.cpp”)
  
E:\myGitRepos\GameEngine\GameEngine\src\Engine\Event.h(1,1): warning C4828: 文件包含在偏移 0x1246 处开始的字符，该字符在当前源字符集中无效(代码页 65001)。
  (编译源文件“../../SandBox/src/main.cpp”)
  
E:\myGitRepos\GameEngine\GameEngine\src\Engine\Event.h(1,1): warning C4828: 文件包含在偏移 0x1247 处开始的字符，该字符在当前源字符集中无效(代码页 65001)。
  (编译源文件“../../SandBox/src/main.cpp”)
  
E:\myGitRepos\GameEngine\GameEngine\src\Engine\Event.h(1,1): warning C4828: 文件包含在偏移 0x1248 处开始的字符，该字符在当前源字符集中无效(代码页 65001)。
  (编译源文件“../../SandBox/src/main.cpp”)
  
E:\myGitRepos\GameEngine\GameEngine\src\Engine\Event.h(1,1): warning C4828: 文件包含在偏移 0x1249 处开始的字符，该字符在当前源字符集中无效(代码页 65001)。
  (编译源文件“../../SandBox/src/main.cpp”)
  
E:\myGitRepos\GameEngine\GameEngine\src\Engine\Event.h(1,1): warning C4828: 文件包含在偏移 0x124b 处开始的字符，该字符在当前源字符集中无效(代码页 65001)。
  (编译源文件“../../SandBox/src/main.cpp”)
  
E:\myGitRepos\GameEngine\GameEngine\src\Engine\Event.h(1,1): warning C4828: 文件包含在偏移 0x124c 处开始的字符，该字符在当前源字符集中无效(代码页 65001)。
  (编译源文件“../../SandBox/src/main.cpp”)
  
E:\myGitRepos\GameEngine\GameEngine\src\Engine\Event.h(1,1): warning C4828: 文件包含在偏移 0x124d 处开始的字符，该字符在当前源字符集中无效(代码页 65001)。
  (编译源文件“../../SandBox/src/main.cpp”)
  
E:\myGitRepos\GameEngine\GameEngine\src\Engine\Event.h(1,1): warning C4828: 文件包含在偏移 0x1251 处开始的字符，该字符在当前源字符集中无效(代码页 65001)。
  (编译源文件“../../SandBox/src/main.cpp”)
  
E:\myGitRepos\GameEngine\GameEngine\src\Engine\Event.h(1,1): warning C4828: 文件包含在偏移 0x1253 处开始的字符，该字符在当前源字符集中无效(代码页 65001)。
  (编译源文件“../../SandBox/src/main.cpp”)
  
E:\myGitRepos\GameEngine\GameEngine\src\Engine\Event.h(1,1): warning C4828: 文件包含在偏移 0x1254 处开始的字符，该字符在当前源字符集中无效(代码页 65001)。
  (编译源文件“../../SandBox/src/main.cpp”)
  
E:\myGitRepos\GameEngine\GameEngine\src\Engine\Event.h(1,1): warning C4828: 文件包含在偏移 0x1259 处开始的字符，该字符在当前源字符集中无效(代码页 65001)。
  (编译源文件“../../SandBox/src/main.cpp”)
  
E:\myGitRepos\GameEngine\GameEngine\src\Engine\Event.h(1,1): warning C4828: 文件包含在偏移 0x125a 处开始的字符，该字符在当前源字符集中无效(代码页 65001)。
  (编译源文件“../../SandBox/src/main.cpp”)
  
E:\myGitRepos\GameEngine\GameEngine\src\Engine\Event.h(1,1): warning C4828: 文件包含在偏移 0x129c 处开始的字符，该字符在当前源字符集中无效(代码页 65001)。
  (编译源文件“../../SandBox/src/main.cpp”)
  
E:\myGitRepos\GameEngine\GameEngine\src\Engine\Event.h(1,1): warning C4828: 文件包含在偏移 0x129e 处开始的字符，该字符在当前源字符集中无效(代码页 65001)。
  (编译源文件“../../SandBox/src/main.cpp”)
  
E:\myGitRepos\GameEngine\GameEngine\src\Engine\Event.h(1,1): warning C4828: 文件包含在偏移 0x129f 处开始的字符，该字符在当前源字符集中无效(代码页 65001)。
  (编译源文件“../../SandBox/src/main.cpp”)
  
E:\myGitRepos\GameEngine\GameEngine\src\Engine\Event.h(1,1): warning C4828: 文件包含在偏移 0x12a0 处开始的字符，该字符在当前源字符集中无效(代码页 65001)。
  (编译源文件“../../SandBox/src/main.cpp”)
  
E:\myGitRepos\GameEngine\GameEngine\src\Engine\Event.h(1,1): warning C4828: 文件包含在偏移 0x12a1 处开始的字符，该字符在当前源字符集中无效(代码页 65001)。
  (编译源文件“../../SandBox/src/main.cpp”)
  
E:\myGitRepos\GameEngine\GameEngine\src\Engine\Event.h(1,1): warning C4828: 文件包含在偏移 0x12a6 处开始的字符，该字符在当前源字符集中无效(代码页 65001)。
  (编译源文件“../../SandBox/src/main.cpp”)
  
E:\myGitRepos\GameEngine\GameEngine\src\Engine\Event.h(1,1): warning C4828: 文件包含在偏移 0x12a8 处开始的字符，该字符在当前源字符集中无效(代码页 65001)。
  (编译源文件“../../SandBox/src/main.cpp”)
  
E:\myGitRepos\GameEngine\GameEngine\src\Engine\Event.h(1,1): warning C4828: 文件包含在偏移 0x12a9 处开始的字符，该字符在当前源字符集中无效(代码页 65001)。
  (编译源文件“../../SandBox/src/main.cpp”)
  
E:\myGitRepos\GameEngine\GameEngine\src\Engine\Event.h(1,1): warning C4828: 文件包含在偏移 0x12aa 处开始的字符，该字符在当前源字符集中无效(代码页 65001)。
  (编译源文件“../../SandBox/src/main.cpp”)
  
E:\myGitRepos\GameEngine\GameEngine\src\Engine\Event.h(1,1): warning C4828: 文件包含在偏移 0x12ac 处开始的字符，该字符在当前源字符集中无效(代码页 65001)。
  (编译源文件“../../SandBox/src/main.cpp”)
  
E:\myGitRepos\GameEngine\GameEngine\src\Engine\Event.h(1,1): warning C4828: 文件包含在偏移 0x12ad 处开始的字符，该字符在当前源字符集中无效(代码页 65001)。
  (编译源文件“../../SandBox/src/main.cpp”)
  
E:\myGitRepos\GameEngine\GameEngine\src\Engine\Event.h(1,1): warning C4828: 文件包含在偏移 0x12b1 处开始的字符，该字符在当前源字符集中无效(代码页 65001)。
  (编译源文件“../../SandBox/src/main.cpp”)
  
E:\myGitRepos\GameEngine\GameEngine\src\Engine\Event.h(1,1): warning C4828: 文件包含在偏移 0x12b2 处开始的字符，该字符在当前源字符集中无效(代码页 65001)。
  (编译源文件“../../SandBox/src/main.cpp”)
  
E:\myGitRepos\GameEngine\GameEngine\src\Engine\Event.h(1,1): warning C4828: 文件包含在偏移 0x12b4 处开始的字符，该字符在当前源字符集中无效(代码页 65001)。
  (编译源文件“../../SandBox/src/main.cpp”)
  
E:\myGitRepos\GameEngine\GameEngine\src\Engine\Event.h(1,1): warning C4828: 文件包含在偏移 0x12b7 处开始的字符，该字符在当前源字符集中无效(代码页 65001)。
  (编译源文件“../../SandBox/src/main.cpp”)
  
E:\myGitRepos\GameEngine\GameEngine\src\Engine\Event.h(1,1): warning C4828: 文件包含在偏移 0x12b8 处开始的字符，该字符在当前源字符集中无效(代码页 65001)。
  (编译源文件“../../SandBox/src/main.cpp”)
  
E:\myGitRepos\GameEngine\GameEngine\src\Engine\Event.h(1,1): warning C4828: 文件包含在偏移 0x1339 处开始的字符，该字符在当前源字符集中无效(代码页 65001)。
  (编译源文件“../../SandBox/src/main.cpp”)
  
E:\myGitRepos\GameEngine\GameEngine\src\Engine\Event.h(1,1): warning C4828: 文件包含在偏移 0x133a 处开始的字符，该字符在当前源字符集中无效(代码页 65001)。
  (编译源文件“../../SandBox/src/main.cpp”)
  
E:\myGitRepos\GameEngine\GameEngine\src\Engine\Event.h(1,1): warning C4828: 文件包含在偏移 0x133b 处开始的字符，该字符在当前源字符集中无效(代码页 65001)。
  (编译源文件“../../SandBox/src/main.cpp”)
  
E:\myGitRepos\GameEngine\GameEngine\src\Engine\Event.h(1,1): warning C4828: 文件包含在偏移 0x133c 处开始的字符，该字符在当前源字符集中无效(代码页 65001)。
  (编译源文件“../../SandBox/src/main.cpp”)
  
E:\myGitRepos\GameEngine\GameEngine\src\Engine\Event.h(1,1): warning C4828: 文件包含在偏移 0x1340 处开始的字符，该字符在当前源字符集中无效(代码页 65001)。
  (编译源文件“../../SandBox/src/main.cpp”)
  
E:\myGitRepos\GameEngine\GameEngine\src\Engine\Event.h(1,1): warning C4828: 文件包含在偏移 0x1341 处开始的字符，该字符在当前源字符集中无效(代码页 65001)。
  (编译源文件“../../SandBox/src/main.cpp”)
  
E:\myGitRepos\GameEngine\GameEngine\src\Engine\Event.h(1,1): warning C4828: 文件包含在偏移 0x1343 处开始的字符，该字符在当前源字符集中无效(代码页 65001)。
  (编译源文件“../../SandBox/src/main.cpp”)
  
E:\myGitRepos\GameEngine\GameEngine\src\Engine\Event.h(1,1): warning C4828: 文件包含在偏移 0x1348 处开始的字符，该字符在当前源字符集中无效(代码页 65001)。
  (编译源文件“../../SandBox/src/main.cpp”)
  
E:\myGitRepos\GameEngine\GameEngine\src\Engine\Event.h(1,1): warning C4828: 文件包含在偏移 0x1349 处开始的字符，该字符在当前源字符集中无效(代码页 65001)。
  (编译源文件“../../SandBox/src/main.cpp”)
  
E:\myGitRepos\GameEngine\GameEngine\src\Engine\Event.h(1,1): warning C4828: 文件包含在偏移 0x134a 处开始的字符，该字符在当前源字符集中无效(代码页 65001)。
  (编译源文件“../../SandBox/src/main.cpp”)
  
E:\myGitRepos\GameEngine\GameEngine\src\Engine\Imgui\ImGuiLayer.h(1,1): warning C4828: 文件包含在偏移 0x20c 处开始的字符，该字符在当前源字符集中无效(代码页 65001)。
  (编译源文件“../../SandBox/src/main.cpp”)
  
E:\myGitRepos\GameEngine\GameEngine\src\Engine\Imgui\ImGuiLayer.h(1,1): warning C4828: 文件包含在偏移 0x20e 处开始的字符，该字符在当前源字符集中无效(代码页 65001)。
  (编译源文件“../../SandBox/src/main.cpp”)
  
E:\myGitRepos\GameEngine\GameEngine\src\Engine\Imgui\ImGuiLayer.h(1,1): warning C4828: 文件包含在偏移 0x20f 处开始的字符，该字符在当前源字符集中无效(代码页 65001)。
  (编译源文件“../../SandBox/src/main.cpp”)
  
E:\myGitRepos\GameEngine\GameEngine\src\Engine\Imgui\ImGuiLayer.h(1,1): warning C4828: 文件包含在偏移 0x212 处开始的字符，该字符在当前源字符集中无效(代码页 65001)。
  (编译源文件“../../SandBox/src/main.cpp”)
  
E:\myGitRepos\GameEngine\GameEngine\src\Engine\Imgui\ImGuiLayer.h(1,1): warning C4828: 文件包含在偏移 0x213 处开始的字符，该字符在当前源字符集中无效(代码页 65001)。
  (编译源文件“../../SandBox/src/main.cpp”)
  
E:\myGitRepos\GameEngine\GameEngine\src\Engine\Imgui\ImGuiLayer.h(1,1): warning C4828: 文件包含在偏移 0x214 处开始的字符，该字符在当前源字符集中无效(代码页 65001)。
  (编译源文件“../../SandBox/src/main.cpp”)
  
E:\myGitRepos\GameEngine\GameEngine\src\Engine\Imgui\ImGuiLayer.h(1,1): warning C4828: 文件包含在偏移 0x215 处开始的字符，该字符在当前源字符集中无效(代码页 65001)。
  (编译源文件“../../SandBox/src/main.cpp”)
  
E:\myGitRepos\GameEngine\GameEngine\src\Engine\Imgui\ImGuiLayer.h(1,1): warning C4828: 文件包含在偏移 0x216 处开始的字符，该字符在当前源字符集中无效(代码页 65001)。
  (编译源文件“../../SandBox/src/main.cpp”)
  
E:\myGitRepos\GameEngine\GameEngine\src\Engine\Imgui\ImGuiLayer.h(1,1): warning C4828: 文件包含在偏移 0x217 处开始的字符，该字符在当前源字符集中无效(代码页 65001)。
  (编译源文件“../../SandBox/src/main.cpp”)
  
E:\myGitRepos\GameEngine\GameEngine\src\Engine\Imgui\ImGuiLayer.h(1,1): warning C4828: 文件包含在偏移 0x2c1 处开始的字符，该字符在当前源字符集中无效(代码页 65001)。
  (编译源文件“../../SandBox/src/main.cpp”)
  
E:\myGitRepos\GameEngine\GameEngine\src\Engine\Imgui\ImGuiLayer.h(1,1): warning C4828: 文件包含在偏移 0x2c2 处开始的字符，该字符在当前源字符集中无效(代码页 65001)。
  (编译源文件“../../SandBox/src/main.cpp”)
  
E:\myGitRepos\GameEngine\GameEngine\src\Engine\Imgui\ImGuiLayer.h(1,1): warning C4828: 文件包含在偏移 0x2c3 处开始的字符，该字符在当前源字符集中无效(代码页 65001)。
  (编译源文件“../../SandBox/src/main.cpp”)
  
E:\myGitRepos\GameEngine\GameEngine\src\Engine\Imgui\ImGuiLayer.h(1,1): warning C4828: 文件包含在偏移 0x2c5 处开始的字符，该字符在当前源字符集中无效(代码页 65001)。
  (编译源文件“../../SandBox/src/main.cpp”)
  
E:\myGitRepos\GameEngine\GameEngine\src\Engine\Imgui\ImGuiLayer.h(1,1): warning C4828: 文件包含在偏移 0x2c7 处开始的字符，该字符在当前源字符集中无效(代码页 65001)。
  (编译源文件“../../SandBox/src/main.cpp”)
  
E:\myGitRepos\GameEngine\GameEngine\src\Engine\Imgui\ImGuiLayer.h(1,1): warning C4828: 文件包含在偏移 0x2c8 处开始的字符，该字符在当前源字符集中无效(代码页 65001)。
  (编译源文件“../../SandBox/src/main.cpp”)
  
E:\myGitRepos\GameEngine\GameEngine\src\Engine\Imgui\ImGuiLayer.h(1,1): warning C4828: 文件包含在偏移 0x2c9 处开始的字符，该字符在当前源字符集中无效(代码页 65001)。
  (编译源文件“../../SandBox/src/main.cpp”)
  
E:\myGitRepos\GameEngine\GameEngine\src\Engine\Imgui\ImGuiLayer.h(1,1): warning C4828: 文件包含在偏移 0x2ca 处开始的字符，该字符在当前源字符集中无效(代码页 65001)。
  (编译源文件“../../SandBox/src/main.cpp”)
  
E:\myGitRepos\GameEngine\GameEngine\src\Engine\Imgui\ImGuiLayer.h(1,1): warning C4828: 文件包含在偏移 0x2cb 处开始的字符，该字符在当前源字符集中无效(代码页 65001)。
  (编译源文件“../../SandBox/src/main.cpp”)
  
E:\myGitRepos\GameEngine\GameEngine\src\Engine\Imgui\ImGuiLayer.h(1,1): warning C4828: 文件包含在偏移 0x2cc 处开始的字符，该字符在当前源字符集中无效(代码页 65001)。
  (编译源文件“../../SandBox/src/main.cpp”)
  
E:\myGitRepos\GameEngine\GameEngine\src\Engine\Imgui\ImGuiLayer.h(1,1): warning C4828: 文件包含在偏移 0x32b 处开始的字符，该字符在当前源字符集中无效(代码页 65001)。
  (编译源文件“../../SandBox/src/main.cpp”)
  
E:\myGitRepos\GameEngine\GameEngine\src\Engine\Imgui\ImGuiLayer.h(1,1): warning C4828: 文件包含在偏移 0x32c 处开始的字符，该字符在当前源字符集中无效(代码页 65001)。
  (编译源文件“../../SandBox/src/main.cpp”)
  
E:\myGitRepos\GameEngine\GameEngine\src\Engine\Imgui\ImGuiLayer.h(1,1): warning C4828: 文件包含在偏移 0x32d 处开始的字符，该字符在当前源字符集中无效(代码页 65001)。
  (编译源文件“../../SandBox/src/main.cpp”)
  
E:\myGitRepos\GameEngine\GameEngine\src\Engine\Imgui\ImGuiLayer.h(1,1): warning C4828: 文件包含在偏移 0x32e 处开始的字符，该字符在当前源字符集中无效(代码页 65001)。
  (编译源文件“../../SandBox/src/main.cpp”)
  
E:\myGitRepos\GameEngine\GameEngine\src\Engine\Imgui\ImGuiLayer.h(1,1): warning C4828: 文件包含在偏移 0x332 处开始的字符，该字符在当前源字符集中无效(代码页 65001)。
  (编译源文件“../../SandBox/src/main.cpp”)
  
E:\myGitRepos\GameEngine\GameEngine\src\Engine\Imgui\ImGuiLayer.h(1,1): warning C4828: 文件包含在偏移 0x333 处开始的字符，该字符在当前源字符集中无效(代码页 65001)。
  (编译源文件“../../SandBox/src/main.cpp”)
  
E:\myGitRepos\GameEngine\GameEngine\src\Engine\Imgui\ImGuiLayer.h(1,1): warning C4828: 文件包含在偏移 0x334 处开始的字符，该字符在当前源字符集中无效(代码页 65001)。
  (编译源文件“../../SandBox/src/main.cpp”)
  
E:\myGitRepos\GameEngine\GameEngine\src\Engine\Imgui\ImGuiLayer.h(1,1): warning C4828: 文件包含在偏移 0x335 处开始的字符，该字符在当前源字符集中无效(代码页 65001)。
  (编译源文件“../../SandBox/src/main.cpp”)
  
E:\myGitRepos\GameEngine\GameEngine\src\Engine\Imgui\ImGuiLayer.h(1,1): warning C4828: 文件包含在偏移 0x336 处开始的字符，该字符在当前源字符集中无效(代码页 65001)。
  (编译源文件“../../SandBox/src/main.cpp”)
  
E:\myGitRepos\GameEngine\GameEngine\src\Engine\Imgui\ImGuiLayer.h(1,1): warning C4828: 文件包含在偏移 0x3a6 处开始的字符，该字符在当前源字符集中无效(代码页 65001)。
  (编译源文件“../../SandBox/src/main.cpp”)
  
E:\myGitRepos\GameEngine\GameEngine\src\Engine\Imgui\ImGuiLayer.h(1,1): warning C4828: 文件包含在偏移 0x3a7 处开始的字符，该字符在当前源字符集中无效(代码页 65001)。
  (编译源文件“../../SandBox/src/main.cpp”)
  
E:\myGitRepos\GameEngine\GameEngine\src\Engine\Imgui\ImGuiLayer.h(1,1): warning C4828: 文件包含在偏移 0x3a9 处开始的字符，该字符在当前源字符集中无效(代码页 65001)。
  (编译源文件“../../SandBox/src/main.cpp”)
  
E:\myGitRepos\GameEngine\GameEngine\src\Engine\Imgui\ImGuiLayer.h(1,1): warning C4828: 文件包含在偏移 0x3cd 处开始的字符，该字符在当前源字符集中无效(代码页 65001)。
  (编译源文件“../../SandBox/src/main.cpp”)
  
E:\myGitRepos\GameEngine\GameEngine\src\Engine\Imgui\ImGuiLayer.h(1,1): warning C4828: 文件包含在偏移 0x3cf 处开始的字符，该字符在当前源字符集中无效(代码页 65001)。
  (编译源文件“../../SandBox/src/main.cpp”)
  
E:\myGitRepos\GameEngine\GameEngine\src\Engine\Imgui\ImGuiLayer.h(1,1): warning C4828: 文件包含在偏移 0x3d0 处开始的字符，该字符在当前源字符集中无效(代码页 65001)。
  (编译源文件“../../SandBox/src/main.cpp”)
  
E:\myGitRepos\GameEngine\GameEngine\src\Engine\Imgui\ImGuiLayer.h(1,1): warning C4828: 文件包含在偏移 0x3d4 处开始的字符，该字符在当前源字符集中无效(代码页 65001)。
  (编译源文件“../../SandBox/src/main.cpp”)
  
E:\myGitRepos\GameEngine\GameEngine\src\Engine\Imgui\ImGuiLayer.h(1,1): warning C4828: 文件包含在偏移 0x3d5 处开始的字符，该字符在当前源字符集中无效(代码页 65001)。
  (编译源文件“../../SandBox/src/main.cpp”)
  
E:\myGitRepos\GameEngine\GameEngine\src\Engine\Imgui\ImGuiLayer.h(1,1): warning C4828: 文件包含在偏移 0x3d7 处开始的字符，该字符在当前源字符集中无效(代码页 65001)。
  (编译源文件“../../SandBox/src/main.cpp”)
  
E:\myGitRepos\GameEngine\GameEngine\src\Engine\Imgui\ImGuiLayer.h(1,1): warning C4828: 文件包含在偏移 0x3d8 处开始的字符，该字符在当前源字符集中无效(代码页 65001)。
  (编译源文件“../../SandBox/src/main.cpp”)
  
E:\myGitRepos\GameEngine\GameEngine\src\Engine\Imgui\ImGuiLayer.h(1,1): warning C4828: 文件包含在偏移 0x3d9 处开始的字符，该字符在当前源字符集中无效(代码页 65001)。
  (编译源文件“../../SandBox/src/main.cpp”)
  
E:\myGitRepos\GameEngine\GameEngine\src\Engine\Imgui\ImGuiLayer.h(1,1): warning C4828: 文件包含在偏移 0x3da 处开始的字符，该字符在当前源字符集中无效(代码页 65001)。
  (编译源文件“../../SandBox/src/main.cpp”)
  
E:\myGitRepos\GameEngine\GameEngine\src\Engine\Imgui\ImGuiLayer.h(1,1): warning C4828: 文件包含在偏移 0x3dc 处开始的字符，该字符在当前源字符集中无效(代码页 65001)。
  (编译源文件“../../SandBox/src/main.cpp”)
  
E:\myGitRepos\GameEngine\GameEngine\src\Engine\Imgui\ImGuiLayer.h(1,1): warning C4828: 文件包含在偏移 0x3dd 处开始的字符，该字符在当前源字符集中无效(代码页 65001)。
  (编译源文件“../../SandBox/src/main.cpp”)
  
E:\myGitRepos\GameEngine\GameEngine\src\Engine\Imgui\ImGuiLayer.h(1,1): warning C4828: 文件包含在偏移 0x3de 处开始的字符，该字符在当前源字符集中无效(代码页 65001)。
  (编译源文件“../../SandBox/src/main.cpp”)
  
E:\myGitRepos\GameEngine\GameEngine\src\Engine\Imgui\ImGuiLayer.h(1,1): warning C4828: 文件包含在偏移 0x3df 处开始的字符，该字符在当前源字符集中无效(代码页 65001)。
  (编译源文件“../../SandBox/src/main.cpp”)
  
E:\myGitRepos\GameEngine\GameEngine\src\Engine\Imgui\ImGuiLayer.h(1,1): warning C4828: 文件包含在偏移 0x3e0 处开始的字符，该字符在当前源字符集中无效(代码页 65001)。
  (编译源文件“../../SandBox/src/main.cpp”)
  
E:\myGitRepos\GameEngine\GameEngine\src\Engine\Imgui\ImGuiLayer.h(1,1): warning C4828: 文件包含在偏移 0x408 处开始的字符，该字符在当前源字符集中无效(代码页 65001)。
  (编译源文件“../../SandBox/src/main.cpp”)
  
E:\myGitRepos\GameEngine\GameEngine\src\Engine\Imgui\ImGuiLayer.h(1,1): warning C4828: 文件包含在偏移 0x40a 处开始的字符，该字符在当前源字符集中无效(代码页 65001)。
  (编译源文件“../../SandBox/src/main.cpp”)
  
E:\myGitRepos\GameEngine\GameEngine\src\Engine\Imgui\ImGuiLayer.h(1,1): warning C4828: 文件包含在偏移 0x40b 处开始的字符，该字符在当前源字符集中无效(代码页 65001)。
  (编译源文件“../../SandBox/src/main.cpp”)
  
E:\myGitRepos\GameEngine\GameEngine\src\Engine\Imgui\ImGuiLayer.h(1,1): warning C4828: 文件包含在偏移 0x40f 处开始的字符，该字符在当前源字符集中无效(代码页 65001)。
  (编译源文件“../../SandBox/src/main.cpp”)
  
E:\myGitRepos\GameEngine\GameEngine\src\Engine\Imgui\ImGuiLayer.h(1,1): warning C4828: 文件包含在偏移 0x410 处开始的字符，该字符在当前源字符集中无效(代码页 65001)。
  (编译源文件“../../SandBox/src/main.cpp”)
  
E:\myGitRepos\GameEngine\GameEngine\src\Engine\Imgui\ImGuiLayer.h(1,1): warning C4828: 文件包含在偏移 0x414 处开始的字符，该字符在当前源字符集中无效(代码页 65001)。
  (编译源文件“../../SandBox/src/main.cpp”)
  
E:\myGitRepos\GameEngine\GameEngine\src\Engine\Imgui\ImGuiLayer.h(1,1): warning C4828: 文件包含在偏移 0x415 处开始的字符，该字符在当前源字符集中无效(代码页 65001)。
  (编译源文件“../../SandBox/src/main.cpp”)
  
E:\myGitRepos\GameEngine\GameEngine\src\Engine\Imgui\ImGuiLayer.h(1,1): warning C4828: 文件包含在偏移 0x416 处开始的字符，该字符在当前源字符集中无效(代码页 65001)。
  (编译源文件“../../SandBox/src/main.cpp”)
  
E:\myGitRepos\GameEngine\GameEngine\src\Engine\Imgui\ImGuiLayer.h(1,1): warning C4828: 文件包含在偏移 0x417 处开始的字符，该字符在当前源字符集中无效(代码页 65001)。
  (编译源文件“../../SandBox/src/main.cpp”)
  
E:\myGitRepos\GameEngine\GameEngine\src\Engine\Input.h(1,1): warning C4828: 文件包含在偏移 0x173 处开始的字符，该字符在当前源字符集中无效(代码页 65001)。
  (编译源文件“../../SandBox/src/main.cpp”)
  
E:\myGitRepos\GameEngine\GameEngine\src\Engine\Input.h(1,1): warning C4828: 文件包含在偏移 0x174 处开始的字符，该字符在当前源字符集中无效(代码页 65001)。
  (编译源文件“../../SandBox/src/main.cpp”)
  
E:\myGitRepos\GameEngine\GameEngine\src\Engine\Input.h(1,1): warning C4828: 文件包含在偏移 0x175 处开始的字符，该字符在当前源字符集中无效(代码页 65001)。
  (编译源文件“../../SandBox/src/main.cpp”)
  
E:\myGitRepos\GameEngine\GameEngine\src\Engine\Input.h(1,1): warning C4828: 文件包含在偏移 0x176 处开始的字符，该字符在当前源字符集中无效(代码页 65001)。
  (编译源文件“../../SandBox/src/main.cpp”)
  
E:\myGitRepos\GameEngine\GameEngine\src\Engine\Input.h(1,1): warning C4828: 文件包含在偏移 0x179 处开始的字符，该字符在当前源字符集中无效(代码页 65001)。
  (编译源文件“../../SandBox/src/main.cpp”)
  
E:\myGitRepos\GameEngine\GameEngine\src\Engine\Input.h(1,1): warning C4828: 文件包含在偏移 0x17a 处开始的字符，该字符在当前源字符集中无效(代码页 65001)。
  (编译源文件“../../SandBox/src/main.cpp”)
  
E:\myGitRepos\GameEngine\GameEngine\src\Engine\Input.h(1,1): warning C4828: 文件包含在偏移 0x17b 处开始的字符，该字符在当前源字符集中无效(代码页 65001)。
  (编译源文件“../../SandBox/src/main.cpp”)
  
E:\myGitRepos\GameEngine\GameEngine\src\Engine\Input.h(1,1): warning C4828: 文件包含在偏移 0x17c 处开始的字符，该字符在当前源字符集中无效(代码页 65001)。
  (编译源文件“../../SandBox/src/main.cpp”)
  
E:\myGitRepos\GameEngine\GameEngine\src\Engine\Input.h(1,1): warning C4828: 文件包含在偏移 0x17d 处开始的字符，该字符在当前源字符集中无效(代码页 65001)。
  (编译源文件“../../SandBox/src/main.cpp”)
  
E:\myGitRepos\GameEngine\GameEngine\src\Engine\Input.h(1,1): warning C4828: 文件包含在偏移 0x17e 处开始的字符，该字符在当前源字符集中无效(代码页 65001)。
  (编译源文件“../../SandBox/src/main.cpp”)
  
E:\myGitRepos\GameEngine\GameEngine\src\Engine\Input.h(1,1): warning C4828: 文件包含在偏移 0x17f 处开始的字符，该字符在当前源字符集中无效(代码页 65001)。
  (编译源文件“../../SandBox/src/main.cpp”)
  
E:\myGitRepos\GameEngine\GameEngine\src\Engine\Input.h(1,1): warning C4828: 文件包含在偏移 0x180 处开始的字符，该字符在当前源字符集中无效(代码页 65001)。
  (编译源文件“../../SandBox/src/main.cpp”)
  
E:\myGitRepos\GameEngine\GameEngine\src\Engine\Input.h(1,1): warning C4828: 文件包含在偏移 0x181 处开始的字符，该字符在当前源字符集中无效(代码页 65001)。
  (编译源文件“../../SandBox/src/main.cpp”)
  
E:\myGitRepos\GameEngine\GameEngine\src\Engine\Input.h(1,1): warning C4828: 文件包含在偏移 0x182 处开始的字符，该字符在当前源字符集中无效(代码页 65001)。
  (编译源文件“../../SandBox/src/main.cpp”)
  
E:\myGitRepos\GameEngine\GameEngine\src\Engine\Input.h(1,1): warning C4828: 文件包含在偏移 0x185 处开始的字符，该字符在当前源字符集中无效(代码页 65001)。
  (编译源文件“../../SandBox/src/main.cpp”)
  
E:\myGitRepos\GameEngine\GameEngine\src\Engine\Input.h(1,1): warning C4828: 文件包含在偏移 0x186 处开始的字符，该字符在当前源字符集中无效(代码页 65001)。
  (编译源文件“../../SandBox/src/main.cpp”)
  
E:\myGitRepos\GameEngine\GameEngine\src\Engine\Input.h(1,1): warning C4828: 文件包含在偏移 0x187 处开始的字符，该字符在当前源字符集中无效(代码页 65001)。
  (编译源文件“../../SandBox/src/main.cpp”)
  
E:\myGitRepos\GameEngine\GameEngine\src\Engine\Input.h(1,1): warning C4828: 文件包含在偏移 0x188 处开始的字符，该字符在当前源字符集中无效(代码页 65001)。
  (编译源文件“../../SandBox/src/main.cpp”)
  
E:\myGitRepos\GameEngine\GameEngine\src\Engine\Input.h(1,1): warning C4828: 文件包含在偏移 0x18c 处开始的字符，该字符在当前源字符集中无效(代码页 65001)。
  (编译源文件“../../SandBox/src/main.cpp”)
  
E:\myGitRepos\GameEngine\GameEngine\src\Engine\Input.h(1,1): warning C4828: 文件包含在偏移 0x18d 处开始的字符，该字符在当前源字符集中无效(代码页 65001)。
  (编译源文件“../../SandBox/src/main.cpp”)
  
E:\myGitRepos\GameEngine\GameEngine\src\Engine\Input.h(1,1): warning C4828: 文件包含在偏移 0x18e 处开始的字符，该字符在当前源字符集中无效(代码页 65001)。
  (编译源文件“../../SandBox/src/main.cpp”)
  
E:\myGitRepos\GameEngine\GameEngine\src\Engine\Input.h(1,1): warning C4828: 文件包含在偏移 0x190 处开始的字符，该字符在当前源字符集中无效(代码页 65001)。
  (编译源文件“../../SandBox/src/main.cpp”)
  
E:\myGitRepos\GameEngine\GameEngine\src\Engine\Input.h(1,1): warning C4828: 文件包含在偏移 0x191 处开始的字符，该字符在当前源字符集中无效(代码页 65001)。
  (编译源文件“../../SandBox/src/main.cpp”)
  
E:\myGitRepos\GameEngine\GameEngine\src\Engine\Input.h(1,1): warning C4828: 文件包含在偏移 0x192 处开始的字符，该字符在当前源字符集中无效(代码页 65001)。
  (编译源文件“../../SandBox/src/main.cpp”)
  
E:\myGitRepos\GameEngine\GameEngine\src\Engine\platform\WindowWindows.h(1,1): warning C4828: 文件包含在偏移 0x24c 处开始的字符，该字符在当前源字符集中无效(代码页 65001)。
  (编译源文件“../../SandBox/src/main.cpp”)
  
E:\myGitRepos\GameEngine\GameEngine\src\Engine\platform\WindowWindows.h(1,1): warning C4828: 文件包含在偏移 0x24d 处开始的字符，该字符在当前源字符集中无效(代码页 65001)。
  (编译源文件“../../SandBox/src/main.cpp”)
  
E:\myGitRepos\GameEngine\GameEngine\src\Engine\platform\WindowWindows.h(1,1): warning C4828: 文件包含在偏移 0x24e 处开始的字符，该字符在当前源字符集中无效(代码页 65001)。
  (编译源文件“../../SandBox/src/main.cpp”)
  
E:\myGitRepos\GameEngine\GameEngine\src\Engine\platform\WindowWindows.h(1,1): warning C4828: 文件包含在偏移 0x24f 处开始的字符，该字符在当前源字符集中无效(代码页 65001)。
  (编译源文件“../../SandBox/src/main.cpp”)
  
E:\myGitRepos\GameEngine\GameEngine\src\Engine\platform\WindowWindows.h(1,1): warning C4828: 文件包含在偏移 0x251 处开始的字符，该字符在当前源字符集中无效(代码页 65001)。
  (编译源文件“../../SandBox/src/main.cpp”)
  
E:\myGitRepos\GameEngine\GameEngine\src\Engine\platform\WindowWindows.h(1,1): warning C4828: 文件包含在偏移 0x252 处开始的字符，该字符在当前源字符集中无效(代码页 65001)。
  (编译源文件“../../SandBox/src/main.cpp”)
  
  test.cpp
  正在生成代码...
  SandBox.vcxproj -> E:\myGitRepos\GameEngine\build\bin\Debug\SandBox.exe
